#
# There is insufficient memory for the Java Runtime Environment to continue.
# Native memory allocation (malloc) failed to allocate 367536 bytes for Chunk::new
# Possible reasons:
#   The system is out of physical RAM or swap space
#   The process is running with CompressedOops enabled, and the Java Heap may be blocking the growth of the native heap
# Possible solutions:
#   Reduce memory load on the system
#   Increase physical memory or swap space
#   Check if swap backing store is full
#   Decrease Java heap size (-Xmx/-Xms)
#   Decrease number of Java threads
#   Decrease Java thread stack sizes (-Xss)
#   Set larger code cache with -XX:ReservedCodeCacheSize=
#   JVM is running with Zero Based Compressed Oops mode in which the Java heap is
#     placed in the first 32GB address space. The Java Heap base address is the
#     maximum limit for the native heap growth. Please use -XX:HeapBaseMinAddress
#     to set the Java Heap base and to place the Java Heap above 32GB virtual address.
# This output file may be truncated or incomplete.
#
#  Out of Memory Error (allocation.cpp:389), pid=27628, tid=0x000000000000516c
#
# JRE version: Java(TM) SE Runtime Environment (8.0_221-b11) (build 1.8.0_221-b11)
# Java VM: Java HotSpot(TM) 64-Bit Server VM (25.221-b11 mixed mode windows-amd64 compressed oops)
# Failed to write core dump. Minidumps are not enabled by default on client versions of Windows
#

---------------  T H R E A D  ---------------

Current thread (0x000000001ed5c800):  JavaThread "C2 CompilerThread1" daemon [_thread_in_native, id=20844, stack(0x00000000204a0000,0x00000000205a0000)]

Stack: [0x00000000204a0000,0x00000000205a0000]
[error occurred during error reporting (printing stack bounds), id 0xc0000005]

Native frames: (J=compiled Java code, j=interpreted, Vv=VM code, C=native code)


Current CompileTask:
C2:   1134 1101       4       org.codehaus.groovy.runtime.metaclass.MetaMethodIndex::addMethodToList (298 bytes)


---------------  P R O C E S S  ---------------

Java Threads: ( => current thread )
  0x0000000020cb9800 JavaThread "ReaderThread" [_thread_in_native, id=23732, stack(0x00000000211a0000,0x00000000212a0000)]
  0x000000001ede7000 JavaThread "Service Thread" daemon [_thread_blocked, id=12092, stack(0x00000000207a0000,0x00000000208a0000)]
  0x000000001ed65800 JavaThread "C1 CompilerThread3" daemon [_thread_blocked, id=12168, stack(0x00000000206a0000,0x00000000207a0000)]
  0x000000001ed64800 JavaThread "C2 CompilerThread2" daemon [_thread_in_native, id=20272, stack(0x00000000205a0000,0x00000000206a0000)]
=>0x000000001ed5c800 JavaThread "C2 CompilerThread1" daemon [_thread_in_native, id=20844, stack(0x00000000204a0000,0x00000000205a0000)]
  0x000000001ed58800 JavaThread "C2 CompilerThread0" daemon [_thread_in_native, id=12300, stack(0x00000000203a0000,0x00000000204a0000)]
  0x000000001ed56000 JavaThread "Attach Listener" daemon [_thread_blocked, id=12776, stack(0x00000000202a0000,0x00000000203a0000)]
  0x000000001ed53000 JavaThread "Signal Dispatcher" daemon [_thread_blocked, id=27372, stack(0x00000000201a0000,0x00000000202a0000)]
  0x000000001ed43000 JavaThread "Finalizer" daemon [_thread_blocked, id=13164, stack(0x000000001ffa0000,0x00000000200a0000)]
  0x000000001d66c800 JavaThread "Reference Handler" daemon [_thread_blocked, id=26348, stack(0x000000001fea0000,0x000000001ffa0000)]
  0x0000000003a06000 JavaThread "main" [_thread_in_vm, id=28104, stack(0x0000000003900000,0x0000000003a00000)]

Other Threads:
  0x0000000003afc800 VMThread [stack: 0x000000001fda0000,0x000000001fea0000] [id=6884]
  0x000000001ee4f800 WatcherThread [stack: 0x00000000208a0000,0x00000000209a0000] [id=5256]

VM state:not at safepoint (normal execution)

VM Mutex/Monitor currently owned by a thread: None

heap address: 0x00000006c2e00000, size: 4050 MB, Compressed Oops mode: Zero based, Oop shift amount: 3
Narrow klass base: 0x0000000000000000, Narrow klass shift: 3
Compressed class space size: 1073741824 Address: 0x00000007c0000000

Heap:
 PSYoungGen      total 75776K, used 51645K [0x000000076ba00000, 0x0000000770e80000, 0x00000007c0000000)
  eden space 65024K, 69% used [0x000000076ba00000,0x000000076e6018f0,0x000000076f980000)
  from space 10752K, 61% used [0x000000076f980000,0x000000076ffeded8,0x0000000770400000)
  to   space 10752K, 0% used [0x0000000770400000,0x0000000770400000,0x0000000770e80000)
 ParOldGen       total 173568K, used 8K [0x00000006c2e00000, 0x00000006cd780000, 0x000000076ba00000)
  object space 173568K, 0% used [0x00000006c2e00000,0x00000006c2e02000,0x00000006cd780000)
 Metaspace       used 14967K, capacity 15086K, committed 15360K, reserved 1062912K
  class space    used 1902K, capacity 1938K, committed 2048K, reserved 1048576K

Card table byte_map: [0x0000000012ec0000,0x00000000136b0000] byte_map_base: 0x000000000f8a9000

Marking Bits: (ParMarkBitMap*) 0x0000000058055ce0
 Begin Bits: [0x0000000014600000, 0x0000000018548000)
 End Bits:   [0x0000000018548000, 0x000000001c490000)

Polling page: 0x00000000018b0000

CodeCache: size=245760Kb used=5587Kb max_used=5587Kb free=240172Kb
 bounds [0x0000000003b00000, 0x0000000004080000, 0x0000000012b00000]
 total_blobs=1765 nmethods=1175 adapters=502
 compilation: enabled

Compilation events (10 events):
Event: 1.130 Thread 0x000000001ed65800 nmethod 1172 0x0000000004071510 code [0x0000000004071700, 0x00000000040721b8]
Event: 1.130 Thread 0x000000001ed65800 1173       3       java.lang.Class::getEnclosingMethodInfo (21 bytes)
Event: 1.130 Thread 0x000000001ed65800 nmethod 1173 0x0000000004072610 code [0x00000000040727a0, 0x0000000004072a38]
Event: 1.130 Thread 0x000000001ed65800 1177  s!   3       java.beans.PropertyDescriptor::getWriteMethod (165 bytes)
Event: 1.131 Thread 0x000000001ed65800 nmethod 1177 0x0000000004072b50 code [0x0000000004072e80, 0x0000000004074db8]
Event: 1.131 Thread 0x000000001ed65800 1176       3       sun.reflect.generics.reflectiveObjects.ParameterizedTypeImpl::getRawType (5 bytes)
Event: 1.131 Thread 0x000000001ed65800 nmethod 1176 0x0000000004075a50 code [0x0000000004075ba0, 0x0000000004075d10]
Event: 1.131 Thread 0x000000001ed65800 1175       3       sun.reflect.generics.repository.ConstructorRepository::getExceptionTypes (78 bytes)
Event: 1.132 Thread 0x000000001ed65800 nmethod 1175 0x0000000004075d90 code [0x0000000004075f80, 0x0000000004076b58]
Event: 1.133 Thread 0x000000001ed65800 1178       3       org.codehaus.groovy.runtime.metaclass.MetaMethodIndex::getHeader (38 bytes)

GC Heap History (2 events):
Event: 0.750 GC heap before
{Heap before GC invocations=1 (full 0):
 PSYoungGen      total 75776K, used 65024K [0x000000076ba00000, 0x0000000770e80000, 0x00000007c0000000)
  eden space 65024K, 100% used [0x000000076ba00000,0x000000076f980000,0x000000076f980000)
  from space 10752K, 0% used [0x0000000770400000,0x0000000770400000,0x0000000770e80000)
  to   space 10752K, 0% used [0x000000076f980000,0x000000076f980000,0x0000000770400000)
 ParOldGen       total 173568K, used 0K [0x00000006c2e00000, 0x00000006cd780000, 0x000000076ba00000)
  object space 173568K, 0% used [0x00000006c2e00000,0x00000006c2e00000,0x00000006cd780000)
 Metaspace       used 9531K, capacity 9610K, committed 9856K, reserved 1058816K
  class space    used 1359K, capacity 1393K, committed 1408K, reserved 1048576K
Event: 0.755 GC heap after
Heap after GC invocations=1 (full 0):
 PSYoungGen      total 75776K, used 6583K [0x000000076ba00000, 0x0000000770e80000, 0x00000007c0000000)
  eden space 65024K, 0% used [0x000000076ba00000,0x000000076ba00000,0x000000076f980000)
  from space 10752K, 61% used [0x000000076f980000,0x000000076ffeded8,0x0000000770400000)
  to   space 10752K, 0% used [0x0000000770400000,0x0000000770400000,0x0000000770e80000)
 ParOldGen       total 173568K, used 8K [0x00000006c2e00000, 0x00000006cd780000, 0x000000076ba00000)
  object space 173568K, 0% used [0x00000006c2e00000,0x00000006c2e02000,0x00000006cd780000)
 Metaspace       used 9531K, capacity 9610K, committed 9856K, reserved 1058816K
  class space    used 1359K, capacity 1393K, committed 1408K, reserved 1048576K
}

Deoptimization events (10 events):
Event: 0.398 Thread 0x0000000003a06000 Uncommon trap: reason=unstable_if action=reinterpret pc=0x0000000003c5d958 method=sun.nio.cs.UTF_8$Encoder.encode([CII[B)I @ 33
Event: 0.410 Thread 0x0000000003a06000 Uncommon trap: reason=unstable_if action=reinterpret pc=0x0000000003d4b818 method=sun.nio.cs.UTF_8$Encoder.encode([CII[B)I @ 95
Event: 0.503 Thread 0x0000000003a06000 Uncommon trap: reason=unstable_if action=reinterpret pc=0x0000000003d45088 method=java.io.WinNTFileSystem.normalize(Ljava/lang/String;)Ljava/lang/String; @ 128
Event: 0.519 Thread 0x0000000003a06000 Uncommon trap: reason=unstable_if action=reinterpret pc=0x0000000003c7d22c method=java.lang.String.indexOf([CII[CIII)I @ 3
Event: 0.574 Thread 0x0000000003a06000 Uncommon trap: reason=range_check action=make_not_entrant pc=0x0000000003daf968 method=sun.reflect.generics.parser.SignatureParser.current()C @ 34
Event: 0.640 Thread 0x0000000003a06000 Uncommon trap: reason=class_check action=maybe_recompile pc=0x0000000003c225c0 method=java.lang.String.equals(Ljava/lang/Object;)Z @ 8
Event: 0.640 Thread 0x0000000003a06000 Uncommon trap: reason=class_check action=maybe_recompile pc=0x0000000003c225c0 method=java.lang.String.equals(Ljava/lang/Object;)Z @ 8
Event: 0.640 Thread 0x0000000003a06000 Uncommon trap: reason=class_check action=maybe_recompile pc=0x0000000003c225c0 method=java.lang.String.equals(Ljava/lang/Object;)Z @ 8
Event: 0.640 Thread 0x0000000003a06000 Uncommon trap: reason=class_check action=maybe_recompile pc=0x0000000003c225c0 method=java.lang.String.equals(Ljava/lang/Object;)Z @ 8
Event: 0.688 Thread 0x0000000003a06000 Uncommon trap: reason=unstable_if action=reinterpret pc=0x0000000003deb4dc method=java.util.HashMap.hash(Ljava/lang/Object;)I @ 1

Classes redefined (0 events):
No events

Internal exceptions (10 events):
Event: 1.120 Thread 0x0000000003a06000 Exception <a 'java/lang/ClassNotFoundException': io/restassured/config/RestAssuredConfigBeanInfo> (0x000000076e3421e8) thrown at [C:\re\workspace\8-2-build-windows-amd64-cygwin\jdk8u221\13320\hotspot\src\share\vm\classfile\systemDictionary.cpp, line 210]
Event: 1.120 Thread 0x0000000003a06000 Exception <a 'java/lang/ClassNotFoundException': io/restassured/config/RestAssuredConfigCustomizer> (0x000000076e35d458) thrown at [C:\re\workspace\8-2-build-windows-amd64-cygwin\jdk8u221\13320\hotspot\src\share\vm\classfile\systemDictionary.cpp, line 210
Event: 1.123 Thread 0x0000000003a06000 Exception <a 'java/lang/ClassNotFoundException': io/restassured/config/LogConfigBeanInfo> (0x000000076e3b5bb0) thrown at [C:\re\workspace\8-2-build-windows-amd64-cygwin\jdk8u221\13320\hotspot\src\share\vm\classfile\systemDictionary.cpp, line 210]
Event: 1.123 Thread 0x0000000003a06000 Exception <a 'java/lang/ClassNotFoundException': io/restassured/config/LogConfigCustomizer> (0x000000076e3ce5f8) thrown at [C:\re\workspace\8-2-build-windows-amd64-cygwin\jdk8u221\13320\hotspot\src\share\vm\classfile\systemDictionary.cpp, line 210]
Event: 1.126 Thread 0x0000000003a06000 Exception <a 'java/lang/ClassNotFoundException': groovy/lang/Closure$1BeanInfo> (0x000000076e43d5f8) thrown at [C:\re\workspace\8-2-build-windows-amd64-cygwin\jdk8u221\13320\hotspot\src\share\vm\classfile\systemDictionary.cpp, line 210]
Event: 1.127 Thread 0x0000000003a06000 Exception <a 'java/lang/ClassNotFoundException': groovy/lang/ClosureBeanInfo> (0x000000076e468620) thrown at [C:\re\workspace\8-2-build-windows-amd64-cygwin\jdk8u221\13320\hotspot\src\share\vm\classfile\systemDictionary.cpp, line 210]
Event: 1.127 Thread 0x0000000003a06000 Exception <a 'java/lang/ClassNotFoundException': groovy/lang/GroovyObjectSupportBeanInfo> (0x000000076e496d90) thrown at [C:\re\workspace\8-2-build-windows-amd64-cygwin\jdk8u221\13320\hotspot\src\share\vm\classfile\systemDictionary.cpp, line 210]
Event: 1.128 Thread 0x0000000003a06000 Exception <a 'java/lang/ClassNotFoundException': groovy/lang/GroovyObjectSupportCustomizer> (0x000000076e4c5c48) thrown at [C:\re\workspace\8-2-build-windows-amd64-cygwin\jdk8u221\13320\hotspot\src\share\vm\classfile\systemDictionary.cpp, line 210]
Event: 1.129 Thread 0x0000000003a06000 Exception <a 'java/lang/ClassNotFoundException': groovy/lang/ClosureCustomizer> (0x000000076e4f60e8) thrown at [C:\re\workspace\8-2-build-windows-amd64-cygwin\jdk8u221\13320\hotspot\src\share\vm\classfile\systemDictionary.cpp, line 210]
Event: 1.130 Thread 0x0000000003a06000 Exception <a 'java/lang/ClassNotFoundException': groovy/lang/Closure$1Customizer> (0x000000076e548f68) thrown at [C:\re\workspace\8-2-build-windows-amd64-cygwin\jdk8u221\13320\hotspot\src\share\vm\classfile\systemDictionary.cpp, line 210]

Events (10 events):
Event: 1.130 loading class groovy/lang/Closure$1Customizer
Event: 1.130 loading class groovy/lang/Closure$1Customizer done
Event: 1.131 loading class org/codehaus/groovy/runtime/callsite/BooleanClosureWrapper
Event: 1.131 loading class org/codehaus/groovy/runtime/callsite/BooleanClosureWrapper done
Event: 1.131 loading class groovy/runtime/metaclass/io/restassured/internal/RequestSpecificationImpl$_applyPathParamsAndSendRequest_closure32MetaClass
Event: 1.131 loading class groovy/runtime/metaclass/io/restassured/internal/RequestSpecificationImpl$_applyPathParamsAndSendRequest_closure32MetaClass done
Event: 1.132 loading class org/codehaus/groovy/runtime/metaclass/ClosureMetaClass
Event: 1.132 loading class org/codehaus/groovy/runtime/metaclass/ClosureMetaClass done
Event: 1.132 loading class org/codehaus/groovy/runtime/metaclass/ClosureMetaClass$MethodChooser
Event: 1.132 loading class org/codehaus/groovy/runtime/metaclass/ClosureMetaClass$MethodChooser done


Dynamic libraries:
0x00007ff68c870000 - 0x00007ff68c8a7000 	C:\Program Files\Java\jre1.8.0_221\bin\javaw.exe
0x00000000018e0000 - 0x0000000001ad0000 	C:\WINDOWS\SYSTEM32\ntd1l.dll
0x0000000001ae0000 - 0x0000000001b92000 	C:\WINDOWS\System32\kern3l32.dll
0x00007ffcc5260000 - 0x00007ffcc5450000 	C:\WINDOWS\SYSTEM32\ntdll.dll
0x00007ffcc5160000 - 0x00007ffcc5212000 	C:\WINDOWS\System32\KERNEL32.DLL
0x00007ffcc2d70000 - 0x00007ffcc3014000 	C:\WINDOWS\System32\KERNELBASE.dll
0x00007ffcbdf20000 - 0x00007ffcbdfaf000 	C:\WINDOWS\SYSTEM32\apphelp.dll
0x00007ffcc1e70000 - 0x00007ffcc2006000 	C:\Program Files\SentinelOne\Sentinel Agent 4.0.3.53\InProcessClient64.dll
0x00007ffcc4f00000 - 0x00007ffcc4fa3000 	C:\WINDOWS\System32\ADVAPI32.dll
0x00007ffcc3310000 - 0x00007ffcc33ae000 	C:\WINDOWS\System32\msvcrt.dll
0x00007ffcc3b70000 - 0x00007ffcc3c07000 	C:\WINDOWS\System32\sechost.dll
0x00007ffcc4750000 - 0x00007ffcc4870000 	C:\WINDOWS\System32\RPCRT4.dll
0x00007ffcc48f0000 - 0x00007ffcc4a84000 	C:\WINDOWS\System32\USER32.dll
0x00007ffcc21f0000 - 0x00007ffcc2211000 	C:\WINDOWS\System32\win32u.dll
0x00007ffcc3eb0000 - 0x00007ffcc3ed6000 	C:\WINDOWS\System32\GDI32.dll
0x00007ffcc30c0000 - 0x00007ffcc3255000 	C:\WINDOWS\System32\gdi32full.dll
0x00007ffcc3020000 - 0x00007ffcc30be000 	C:\WINDOWS\System32\msvcp_win.dll
0x00007ffcc2bc0000 - 0x00007ffcc2cba000 	C:\WINDOWS\System32\ucrtbase.dll
0x00007ffca8400000 - 0x00007ffca8684000 	C:\WINDOWS\WinSxS\amd64_microsoft.windows.common-controls_6595b64144ccf1df_6.0.18362.904_none_e6c2bb011310e273\COMCTL32.dll
0x00007ffcc3460000 - 0x00007ffcc3795000 	C:\WINDOWS\System32\combase.dll
0x00007ffcc2cc0000 - 0x00007ffcc2d40000 	C:\WINDOWS\System32\bcryptPrimitives.dll
0x00007ffcc3d00000 - 0x00007ffcc3d2e000 	C:\WINDOWS\System32\IMM32.DLL
0x00007ffcc1d70000 - 0x00007ffcc1d7a000 	C:\WINDOWS\SYSTEM32\VERSION.dll
0x00000000572b0000 - 0x0000000057382000 	C:\Program Files\Java\jre1.8.0_221\bin\msvcr100.dll
0x0000000057830000 - 0x00000000580d5000 	C:\Program Files\Java\jre1.8.0_221\bin\server\jvm.dll
0x00007ffcc38d0000 - 0x00007ffcc38d8000 	C:\WINDOWS\System32\PSAPI.DLL
0x00007ffca9800000 - 0x00007ffca9809000 	C:\WINDOWS\SYSTEM32\WSOCK32.dll
0x00007ffcc3c10000 - 0x00007ffcc3c7f000 	C:\WINDOWS\System32\WS2_32.dll
0x00007ffcbf8e0000 - 0x00007ffcbf904000 	C:\WINDOWS\SYSTEM32\WINMM.dll
0x00007ffcbf8b0000 - 0x00007ffcbf8dd000 	C:\WINDOWS\SYSTEM32\WINMMBASE.dll
0x00007ffcc2b70000 - 0x00007ffcc2bba000 	C:\WINDOWS\System32\cfgmgr32.dll
0x00007ffc8fe70000 - 0x00007ffc8fe7f000 	C:\Program Files\Java\jre1.8.0_221\bin\verify.dll
0x00007ffc8b480000 - 0x00007ffc8b4a9000 	C:\Program Files\Java\jre1.8.0_221\bin\java.dll
0x00007ffc8b460000 - 0x00007ffc8b476000 	C:\Program Files\Java\jre1.8.0_221\bin\zip.dll
0x00007ffcc3f00000 - 0x00007ffcc45e6000 	C:\WINDOWS\System32\SHELL32.dll
0x00007ffcc33b0000 - 0x00007ffcc3459000 	C:\WINDOWS\System32\shcore.dll
0x00007ffcc2280000 - 0x00007ffcc2a00000 	C:\WINDOWS\System32\windows.storage.dll
0x00007ffcc21c0000 - 0x00007ffcc21e3000 	C:\WINDOWS\System32\profapi.dll
0x00007ffcc2150000 - 0x00007ffcc219a000 	C:\WINDOWS\System32\powrprof.dll
0x00007ffcc2120000 - 0x00007ffcc2130000 	C:\WINDOWS\System32\UMPDC.dll
0x00007ffcc38e0000 - 0x00007ffcc3932000 	C:\WINDOWS\System32\shlwapi.dll
0x00007ffcc21a0000 - 0x00007ffcc21b1000 	C:\WINDOWS\System32\kernel.appcore.dll
0x00007ffcc2b50000 - 0x00007ffcc2b67000 	C:\WINDOWS\System32\cryptsp.dll
0x00007ffcbe830000 - 0x00007ffcbe84a000 	C:\Program Files\Java\jre1.8.0_221\bin\net.dll
0x00007ffcb5510000 - 0x00007ffcb56e6000 	C:\WINDOWS\SYSTEM32\urlmon.dll
0x00007ffcb59d0000 - 0x00007ffcb5c76000 	C:\WINDOWS\SYSTEM32\iertutil.dll
0x00007ffcc1950000 - 0x00007ffcc195c000 	C:\WINDOWS\SYSTEM32\CRYPTBASE.DLL
0x00007ffcc1780000 - 0x00007ffcc17e7000 	C:\WINDOWS\system32\mswsock.dll

VM Arguments:
jvm_args: -ea -Dfile.encoding=UTF-8 
java_command: org.eclipse.jdt.internal.junit.runner.RemoteTestRunner -version 3 -port 63537 -testLoaderClass org.eclipse.jdt.internal.junit4.runner.JUnit4TestLoader -loaderpluginname org.eclipse.jdt.junit4.runtime -classNames Runner.TestRunner
java_class_path (initial): C:\Users\1025532\REXEMR\APIAutomation\target\test-classes;C:\Users\1025532\REXEMR\APIAutomation\target\classes;C:\Users\1025532\.m2\repository\io\rest-assured\rest-assured\4.2.0\rest-assured-4.2.0.jar;C:\Users\1025532\.m2\repository\org\codehaus\groovy\groovy\2.5.8\groovy-2.5.8.jar;C:\Users\1025532\.m2\repository\org\codehaus\groovy\groovy-xml\2.5.8\groovy-xml-2.5.8.jar;C:\Users\1025532\.m2\repository\org\apache\httpcomponents\httpclient\4.5.3\httpclient-4.5.3.jar;C:\Users\1025532\.m2\repository\org\apache\httpcomponents\httpcore\4.4.6\httpcore-4.4.6.jar;C:\Users\1025532\.m2\repository\commons-logging\commons-logging\1.2\commons-logging-1.2.jar;C:\Users\1025532\.m2\repository\commons-codec\commons-codec\1.9\commons-codec-1.9.jar;C:\Users\1025532\.m2\repository\org\apache\httpcomponents\httpmime\4.5.3\httpmime-4.5.3.jar;C:\Users\1025532\.m2\repository\org\hamcrest\hamcrest\2.1\hamcrest-2.1.jar;C:\Users\1025532\.m2\repository\org\ccil\cowan\tagsoup\tagsoup\1.2.1\tagsoup-1.2.1.jar;C:\Users\1025532\.m2\repository\io\rest-assured\json-path\4.2.0\json-path-4.2.0.jar;C:\Users\1025532\.m2\repository\org\codehaus\groovy\groovy-json\2.5.8\groovy-json-2.5.8.jar;C:\Users\1025532\.m2\repository\io\rest-assured\rest-assured-common\4.2.0\rest-assured-common-4.2.0.jar;C:\Users\1025532\.m2\repository\io\rest-assured\xml-path\4.2.0\xml-path-4.2.0.jar;C:\Users\1025532\.m2\repository\jakarta\xml\bind\jakarta.xml.bind-api\2.3.2\jakarta.xml.bind-api-2.3.2.jar;C:\Users\1025532\.m2\repository\jakarta\activation\jakarta.activation-api\1.2.1\jakarta.activation-api-1.2.1.jar;C:\Users\1025532\.m2\repository\com\sun\xml\bind\jaxb-osgi\2.3.0.1\jaxb-osgi-2.3.0.1.jar;C:\Users\1025532\.m2\repository\org\apache\sling\org.apache.sling.javax.activation\0.1.0\org.apache.sling.javax.activation-0.1.0.jar;C:\Users\1025532\.m2\repository\javax\activation\activation\1.1.1\activation-1.1.1.jar;C:\Users\1025532\.m2\repository\com\googlecode\json-simple\json-simple\1.1.1\json-simpl
Launcher Type: SUN_STANDARD

Environment Variables:
USERNAME=1025532
OS=Windows_NT
PROCESSOR_IDENTIFIER=Intel64 Family 6 Model 158 Stepping 10, GenuineIntel



---------------  S Y S T E M  ---------------

OS: Windows 10.0 , 64 bit Build 18362 (10.0.18362.900)

CPU:total 12 (initial active 12) (6 cores per cpu, 2 threads per core) family 6 model 158 stepping 10, cmov, cx8, fxsr, mmx, sse, sse2, sse3, ssse3, sse4.1, sse4.2, popcnt, avx, avx2, aes, clmul, erms, rtm, 3dnowpref, lzcnt, ht, tsc, tscinvbit, bmi1, bmi2, adx

Memory: 4k page, physical 16584676k(4085808k free), swap 47740124k(5356k free)

vm_info: Java HotSpot(TM) 64-Bit Server VM (25.221-b11) for windows-amd64 JRE (1.8.0_221-b11), built on Jul  4 2019 04:39:29 by "java_re" with MS VC++ 10.0 (VS2010)

time: Sat Jul 25 17:29:57 2020
timezone: India Standard Time
elapsed time: 1 seconds (0d 0h 0m 1s)

