#
# There is insufficient memory for the Java Runtime Environment to continue.
# Native memory allocation (malloc) failed to allocate 2872816 bytes for Chunk::new
# Possible reasons:
#   The system is out of physical RAM or swap space
#   The process is running with CompressedOops enabled, and the Java Heap may be blocking the growth of the native heap
# Possible solutions:
#   Reduce memory load on the system
#   Increase physical memory or swap space
#   Check if swap backing store is full
#   Decrease Java heap size (-Xmx/-Xms)
#   Decrease number of Java threads
#   Decrease Java thread stack sizes (-Xss)
#   Set larger code cache with -XX:ReservedCodeCacheSize=
#   JVM is running with Zero Based Compressed Oops mode in which the Java heap is
#     placed in the first 32GB address space. The Java Heap base address is the
#     maximum limit for the native heap growth. Please use -XX:HeapBaseMinAddress
#     to set the Java Heap base and to place the Java Heap above 32GB virtual address.
# This output file may be truncated or incomplete.
#
#  Out of Memory Error (allocation.cpp:389), pid=7844, tid=0x000000000000534c
#
# JRE version: Java(TM) SE Runtime Environment (8.0_221-b11) (build 1.8.0_221-b11)
# Java VM: Java HotSpot(TM) 64-Bit Server VM (25.221-b11 mixed mode windows-amd64 compressed oops)
# Failed to write core dump. Minidumps are not enabled by default on client versions of Windows
#

---------------  T H R E A D  ---------------

Current thread (0x000000002011f800):  JavaThread "C2 CompilerThread2" daemon [_thread_in_native, id=21324, stack(0x0000000020980000,0x0000000020a80000)]

Stack: [0x0000000020980000,0x0000000020a80000]
[error occurred during error reporting (printing stack bounds), id 0xc0000005]

Native frames: (J=compiled Java code, j=interpreted, Vv=VM code, C=native code)


Current CompileTask:
C2:   2562 1373       4       org.eclipse.jdt.launching.internal.org.objectweb.asm.ClassReader::readCode (5089 bytes)


---------------  P R O C E S S  ---------------

Java Threads: ( => current thread )
  0x000000002063b800 JavaThread "ReaderThread" [_thread_in_native, id=15548, stack(0x0000000020d80000,0x0000000020e80000)]
  0x0000000020125000 JavaThread "Service Thread" daemon [_thread_blocked, id=22380, stack(0x0000000020b80000,0x0000000020c80000)]
  0x0000000020120800 JavaThread "C1 CompilerThread3" daemon [_thread_in_vm, id=2996, stack(0x0000000020a80000,0x0000000020b80000)]
=>0x000000002011f800 JavaThread "C2 CompilerThread2" daemon [_thread_in_native, id=21324, stack(0x0000000020980000,0x0000000020a80000)]
  0x000000002011c800 JavaThread "C2 CompilerThread1" daemon [_thread_in_native, id=14904, stack(0x0000000020880000,0x0000000020980000)]
  0x000000002012c000 JavaThread "C2 CompilerThread0" daemon [_thread_in_native, id=15456, stack(0x0000000020780000,0x0000000020880000)]
  0x000000001e656800 JavaThread "JDWP Command Reader" daemon [_thread_in_native, id=23032, stack(0x000000001fe80000,0x000000001ff80000)]
  0x000000001e64c000 JavaThread "JDWP Event Helper Thread" daemon [_thread_blocked, id=4996, stack(0x000000001fd80000,0x000000001fe80000)]
  0x000000001e641800 JavaThread "JDWP Transport Listener: dt_socket" daemon [_thread_blocked, id=1500, stack(0x000000001fc80000,0x000000001fd80000)]
  0x000000001e636000 JavaThread "Attach Listener" daemon [_thread_blocked, id=1648, stack(0x000000001fb80000,0x000000001fc80000)]
  0x000000001e634800 JavaThread "Signal Dispatcher" daemon [_thread_blocked, id=9236, stack(0x000000001fa80000,0x000000001fb80000)]
  0x000000001e623800 JavaThread "Finalizer" daemon [_thread_blocked, id=20808, stack(0x000000001f880000,0x000000001f980000)]
  0x000000001cf40800 JavaThread "Reference Handler" daemon [_thread_blocked, id=23196, stack(0x000000001f780000,0x000000001f880000)]
  0x0000000002fbe000 JavaThread "main" [_thread_in_Java, id=16168, stack(0x0000000002fc0000,0x00000000030c0000)]

Other Threads:
  0x000000001e602000 VMThread [stack: 0x000000001f680000,0x000000001f780000] [id=16292]
  0x0000000020126000 WatcherThread [stack: 0x0000000020c80000,0x0000000020d80000] [id=26104]

VM state:not at safepoint (normal execution)

VM Mutex/Monitor currently owned by a thread: None

heap address: 0x00000006c2e00000, size: 4050 MB, Compressed Oops mode: Zero based, Oop shift amount: 3
Narrow klass base: 0x0000000000000000, Narrow klass shift: 3
Compressed class space size: 1073741824 Address: 0x00000007c0000000

Heap:
 PSYoungGen      total 75776K, used 16028K [0x000000076ba00000, 0x0000000774e00000, 0x00000007c0000000)
  eden space 65024K, 8% used [0x000000076ba00000,0x000000076bf348a8,0x000000076f980000)
  from space 10752K, 99% used [0x0000000770400000,0x0000000770e729d0,0x0000000770e80000)
  to   space 10752K, 0% used [0x000000076f980000,0x000000076f980000,0x0000000770400000)
 ParOldGen       total 173568K, used 40K [0x00000006c2e00000, 0x00000006cd780000, 0x000000076ba00000)
  object space 173568K, 0% used [0x00000006c2e00000,0x00000006c2e0a000,0x00000006cd780000)
 Metaspace       used 18414K, capacity 18954K, committed 19200K, reserved 1067008K
  class space    used 2341K, capacity 2531K, committed 2560K, reserved 1048576K

Card table byte_map: [0x0000000012790000,0x0000000012f80000] byte_map_base: 0x000000000f179000

Marking Bits: (ParMarkBitMap*) 0x0000000058055ce0
 Begin Bits: [0x0000000013ed0000, 0x0000000017e18000)
 End Bits:   [0x0000000017e18000, 0x000000001bd60000)

Polling page: 0x0000000000940000

CodeCache: size=245760Kb used=9765Kb max_used=9765Kb free=235994Kb
 bounds [0x00000000033d0000, 0x0000000003d60000, 0x00000000123d0000]
 total_blobs=2326 nmethods=1721 adapters=525
 compilation: enabled

Compilation events (10 events):
Event: 2.551 Thread 0x0000000020120800 1734       3       java.util.ArrayList$SubList$1::hasNext (20 bytes)
Event: 2.551 Thread 0x0000000020120800 nmethod 1734 0x0000000003d59e10 code [0x0000000003d59f60, 0x0000000003d5a130]
Event: 2.556 Thread 0x0000000020120800 1735       3       java.io.ByteArrayInputStream::<init> (26 bytes)
Event: 2.556 Thread 0x0000000020120800 nmethod 1735 0x0000000003d5b0d0 code [0x0000000003d5b240, 0x0000000003d5b490]
Event: 2.556 Thread 0x0000000020120800 1736  s    3       java.io.ByteArrayInputStream::reset (9 bytes)
Event: 2.557 Thread 0x0000000020120800 nmethod 1736 0x0000000003d5b590 code [0x0000000003d5b6e0, 0x0000000003d5b990]
Event: 2.557 Thread 0x0000000020120800 1737  s    3       java.io.ByteArrayOutputStream::toByteArray (12 bytes)
Event: 2.557 Thread 0x0000000020120800 nmethod 1737 0x0000000003d5ba50 code [0x0000000003d5bbe0, 0x0000000003d5c128]
Event: 2.557 Thread 0x0000000020120800 1739       3       java.math.MutableBigInteger::mulsub (110 bytes)
Event: 2.557 Thread 0x0000000020120800 nmethod 1739 0x0000000003d5c310 code [0x0000000003d5c480, 0x0000000003d5c7b0]

GC Heap History (8 events):
Event: 1.133 GC heap before
{Heap before GC invocations=1 (full 0):
 PSYoungGen      total 75776K, used 65024K [0x000000076ba00000, 0x0000000770e80000, 0x00000007c0000000)
  eden space 65024K, 100% used [0x000000076ba00000,0x000000076f980000,0x000000076f980000)
  from space 10752K, 0% used [0x0000000770400000,0x0000000770400000,0x0000000770e80000)
  to   space 10752K, 0% used [0x000000076f980000,0x000000076f980000,0x0000000770400000)
 ParOldGen       total 173568K, used 0K [0x00000006c2e00000, 0x00000006cd780000, 0x000000076ba00000)
  object space 173568K, 0% used [0x00000006c2e00000,0x00000006c2e00000,0x00000006cd780000)
 Metaspace       used 7975K, capacity 8082K, committed 8320K, reserved 1056768K
  class space    used 1077K, capacity 1137K, committed 1152K, reserved 1048576K
Event: 1.137 GC heap after
Heap after GC invocations=1 (full 0):
 PSYoungGen      total 75776K, used 4481K [0x000000076ba00000, 0x0000000770e80000, 0x00000007c0000000)
  eden space 65024K, 0% used [0x000000076ba00000,0x000000076ba00000,0x000000076f980000)
  from space 10752K, 41% used [0x000000076f980000,0x000000076fde0590,0x0000000770400000)
  to   space 10752K, 0% used [0x0000000770400000,0x0000000770400000,0x0000000770e80000)
 ParOldGen       total 173568K, used 16K [0x00000006c2e00000, 0x00000006cd780000, 0x000000076ba00000)
  object space 173568K, 0% used [0x00000006c2e00000,0x00000006c2e04000,0x00000006cd780000)
 Metaspace       used 7975K, capacity 8082K, committed 8320K, reserved 1056768K
  class space    used 1077K, capacity 1137K, committed 1152K, reserved 1048576K
}
Event: 1.649 GC heap before
{Heap before GC invocations=2 (full 0):
 PSYoungGen      total 75776K, used 69505K [0x000000076ba00000, 0x0000000770e80000, 0x00000007c0000000)
  eden space 65024K, 100% used [0x000000076ba00000,0x000000076f980000,0x000000076f980000)
  from space 10752K, 41% used [0x000000076f980000,0x000000076fde0590,0x0000000770400000)
  to   space 10752K, 0% used [0x0000000770400000,0x0000000770400000,0x0000000770e80000)
 ParOldGen       total 173568K, used 16K [0x00000006c2e00000, 0x00000006cd780000, 0x000000076ba00000)
  object space 173568K, 0% used [0x00000006c2e00000,0x00000006c2e04000,0x00000006cd780000)
 Metaspace       used 12987K, capacity 13080K, committed 13312K, reserved 1060864K
  class space    used 1679K, capacity 1714K, committed 1792K, reserved 1048576K
Event: 1.654 GC heap after
Heap after GC invocations=2 (full 0):
 PSYoungGen      total 75776K, used 6572K [0x000000076ba00000, 0x0000000770e80000, 0x00000007c0000000)
  eden space 65024K, 0% used [0x000000076ba00000,0x000000076ba00000,0x000000076f980000)
  from space 10752K, 61% used [0x0000000770400000,0x0000000770a6b088,0x0000000770e80000)
  to   space 10752K, 0% used [0x000000076f980000,0x000000076f980000,0x0000000770400000)
 ParOldGen       total 173568K, used 24K [0x00000006c2e00000, 0x00000006cd780000, 0x000000076ba00000)
  object space 173568K, 0% used [0x00000006c2e00000,0x00000006c2e06000,0x00000006cd780000)
 Metaspace       used 12987K, capacity 13080K, committed 13312K, reserved 1060864K
  class space    used 1679K, capacity 1714K, committed 1792K, reserved 1048576K
}
Event: 2.113 GC heap before
{Heap before GC invocations=3 (full 0):
 PSYoungGen      total 75776K, used 71596K [0x000000076ba00000, 0x0000000770e80000, 0x00000007c0000000)
  eden space 65024K, 100% used [0x000000076ba00000,0x000000076f980000,0x000000076f980000)
  from space 10752K, 61% used [0x0000000770400000,0x0000000770a6b088,0x0000000770e80000)
  to   space 10752K, 0% used [0x000000076f980000,0x000000076f980000,0x0000000770400000)
 ParOldGen       total 173568K, used 24K [0x00000006c2e00000, 0x00000006cd780000, 0x000000076ba00000)
  object space 173568K, 0% used [0x00000006c2e00000,0x00000006c2e06000,0x00000006cd780000)
 Metaspace       used 16543K, capacity 16706K, committed 17024K, reserved 1064960K
  class space    used 2025K, capacity 2069K, committed 2176K, reserved 1048576K
Event: 2.119 GC heap after
Heap after GC invocations=3 (full 0):
 PSYoungGen      total 75776K, used 9304K [0x000000076ba00000, 0x0000000770e80000, 0x00000007c0000000)
  eden space 65024K, 0% used [0x000000076ba00000,0x000000076ba00000,0x000000076f980000)
  from space 10752K, 86% used [0x000000076f980000,0x0000000770296190,0x0000000770400000)
  to   space 10752K, 0% used [0x0000000770400000,0x0000000770400000,0x0000000770e80000)
 ParOldGen       total 173568K, used 32K [0x00000006c2e00000, 0x00000006cd780000, 0x000000076ba00000)
  object space 173568K, 0% used [0x00000006c2e00000,0x00000006c2e08000,0x00000006cd780000)
 Metaspace       used 16543K, capacity 16706K, committed 17024K, reserved 1064960K
  class space    used 2025K, capacity 2069K, committed 2176K, reserved 1048576K
}
Event: 2.497 GC heap before
{Heap before GC invocations=4 (full 0):
 PSYoungGen      total 75776K, used 74328K [0x000000076ba00000, 0x0000000770e80000, 0x00000007c0000000)
  eden space 65024K, 100% used [0x000000076ba00000,0x000000076f980000,0x000000076f980000)
  from space 10752K, 86% used [0x000000076f980000,0x0000000770296190,0x0000000770400000)
  to   space 10752K, 0% used [0x0000000770400000,0x0000000770400000,0x0000000770e80000)
 ParOldGen       total 173568K, used 32K [0x00000006c2e00000, 0x00000006cd780000, 0x000000076ba00000)
  object space 173568K, 0% used [0x00000006c2e00000,0x00000006c2e08000,0x00000006cd780000)
 Metaspace       used 17808K, capacity 18266K, committed 18432K, reserved 1064960K
  class space    used 2269K, capacity 2495K, committed 2560K, reserved 1048576K
Event: 2.505 GC heap after
Heap after GC invocations=4 (full 0):
 PSYoungGen      total 75776K, used 10698K [0x000000076ba00000, 0x0000000774e00000, 0x00000007c0000000)
  eden space 65024K, 0% used [0x000000076ba00000,0x000000076ba00000,0x000000076f980000)
  from space 10752K, 99% used [0x0000000770400000,0x0000000770e729d0,0x0000000770e80000)
  to   space 10752K, 0% used [0x000000076f980000,0x000000076f980000,0x0000000770400000)
 ParOldGen       total 173568K, used 40K [0x00000006c2e00000, 0x00000006cd780000, 0x000000076ba00000)
  object space 173568K, 0% used [0x00000006c2e00000,0x00000006c2e0a000,0x00000006cd780000)
 Metaspace       used 17808K, capacity 18266K, committed 18432K, reserved 1064960K
  class space    used 2269K, capacity 2495K, committed 2560K, reserved 1048576K
}

Deoptimization events (10 events):
Event: 2.475 Thread 0x0000000002fbe000 Uncommon trap: reason=range_check action=none pc=0x00000000037e6f24 method=sun.reflect.generics.parser.SignatureParser.current()C @ 34
Event: 2.475 Thread 0x0000000002fbe000 Uncommon trap: reason=range_check action=none pc=0x00000000037e6f24 method=sun.reflect.generics.parser.SignatureParser.current()C @ 34
Event: 2.475 Thread 0x0000000002fbe000 Uncommon trap: reason=range_check action=none pc=0x00000000037e6f24 method=sun.reflect.generics.parser.SignatureParser.current()C @ 34
Event: 2.521 Thread 0x0000000002fbe000 Uncommon trap: reason=range_check action=none pc=0x00000000037e6f24 method=sun.reflect.generics.parser.SignatureParser.current()C @ 34
Event: 2.521 Thread 0x0000000002fbe000 Uncommon trap: reason=range_check action=none pc=0x00000000037e6f24 method=sun.reflect.generics.parser.SignatureParser.current()C @ 34
Event: 2.528 Thread 0x0000000002fbe000 Uncommon trap: reason=unstable_if action=reinterpret pc=0x00000000036ab0dc method=sun.misc.MetaIndex.mayContain(Ljava/lang/String;)Z @ 38
Event: 2.545 Thread 0x0000000002fbe000 Uncommon trap: reason=bimorphic action=maybe_recompile pc=0x00000000037e26d0 method=java.util.HashMap.putVal(ILjava/lang/Object;Ljava/lang/Object;ZZ)Ljava/lang/Object; @ 203
Event: 2.545 Thread 0x0000000002fbe000 Uncommon trap: reason=bimorphic action=maybe_recompile pc=0x00000000037e26d0 method=java.util.HashMap.putVal(ILjava/lang/Object;Ljava/lang/Object;ZZ)Ljava/lang/Object; @ 203
Event: 2.545 Thread 0x0000000002fbe000 Uncommon trap: reason=bimorphic action=maybe_recompile pc=0x00000000037e26d0 method=java.util.HashMap.putVal(ILjava/lang/Object;Ljava/lang/Object;ZZ)Ljava/lang/Object; @ 203
Event: 2.546 Thread 0x0000000002fbe000 Uncommon trap: reason=bimorphic action=maybe_recompile pc=0x00000000037e26d0 method=java.util.HashMap.putVal(ILjava/lang/Object;Ljava/lang/Object;ZZ)Ljava/lang/Object; @ 203

Classes redefined (0 events):
No events

Internal exceptions (10 events):
Event: 2.475 Thread 0x0000000002fbe000 Exception <a 'java/lang/ArrayIndexOutOfBoundsException': 77> (0x000000076f3c2960) thrown at [C:\re\workspace\8-2-build-windows-amd64-cygwin\jdk8u221\13320\hotspot\src\share\vm\interpreter\interpreterRuntime.cpp, line 368]
Event: 2.475 Thread 0x0000000002fbe000 Exception <a 'java/lang/ArrayIndexOutOfBoundsException': 77> (0x000000076f3c51a8) thrown at [C:\re\workspace\8-2-build-windows-amd64-cygwin\jdk8u221\13320\hotspot\src\share\vm\interpreter\interpreterRuntime.cpp, line 368]
Event: 2.475 Thread 0x0000000002fbe000 Exception <a 'java/lang/ArrayIndexOutOfBoundsException': 56> (0x000000076f3c75f0) thrown at [C:\re\workspace\8-2-build-windows-amd64-cygwin\jdk8u221\13320\hotspot\src\share\vm\interpreter\interpreterRuntime.cpp, line 368]
Event: 2.476 Thread 0x0000000002fbe000 Exception <a 'java/lang/ClassNotFoundException': io/restassured/internal/RequestSpecificationImpl$RestAssuredHttpBuilderCustomizer> (0x000000076f3f80a0) thrown at [C:\re\workspace\8-2-build-windows-amd64-cygwin\jdk8u221\13320\hotspot\src\share\vm\classfil
Event: 2.489 Thread 0x0000000002fbe000 Exception <a 'java/lang/ClassNotFoundException': org/codehaus/groovy/runtime/MethodClosureBeanInfo> (0x000000076f709d68) thrown at [C:\re\workspace\8-2-build-windows-amd64-cygwin\jdk8u221\13320\hotspot\src\share\vm\classfile\systemDictionary.cpp, line 210
Event: 2.494 Thread 0x0000000002fbe000 Exception <a 'java/lang/ClassNotFoundException': org/codehaus/groovy/runtime/MethodClosureCustomizer> (0x000000076f951ec8) thrown at [C:\re\workspace\8-2-build-windows-amd64-cygwin\jdk8u221\13320\hotspot\src\share\vm\classfile\systemDictionary.cpp, line 2
Event: 2.520 Thread 0x0000000002fbe000 Exception <a 'java/lang/ClassNotFoundException': io/restassured/internal/http/EncoderRegistryBeanInfo> (0x000000076bb769d8) thrown at [C:\re\workspace\8-2-build-windows-amd64-cygwin\jdk8u221\13320\hotspot\src\share\vm\classfile\systemDictionary.cpp, line 
Event: 2.520 Thread 0x0000000002fbe000 Exception <a 'java/lang/ClassNotFoundException': io/restassured/internal/http/EncoderRegistryCustomizer> (0x000000076bb944e8) thrown at [C:\re\workspace\8-2-build-windows-amd64-cygwin\jdk8u221\13320\hotspot\src\share\vm\classfile\systemDictionary.cpp, lin
Event: 2.521 Thread 0x0000000002fbe000 Exception <a 'java/lang/ArrayIndexOutOfBoundsException': 86> (0x000000076bb97968) thrown at [C:\re\workspace\8-2-build-windows-amd64-cygwin\jdk8u221\13320\hotspot\src\share\vm\interpreter\interpreterRuntime.cpp, line 368]
Event: 2.521 Thread 0x0000000002fbe000 Exception <a 'java/lang/ArrayIndexOutOfBoundsException': 73> (0x000000076bb9c668) thrown at [C:\re\workspace\8-2-build-windows-amd64-cygwin\jdk8u221\13320\hotspot\src\share\vm\interpreter\interpreterRuntime.cpp, line 368]

Events (10 events):
Event: 2.554 loading class javax/crypto/Cipher done
Event: 2.554 loading class javax/crypto/JceSecurityManager
Event: 2.554 loading class javax/crypto/JceSecurityManager done
Event: 2.554 loading class javax/crypto/CryptoPermissions
Event: 2.555 loading class javax/crypto/CryptoPermissions done
Event: 2.555 loading class javax/crypto/JceSecurity
Event: 2.555 loading class javax/crypto/JceSecurity done
Event: 2.555 loading class javax/crypto/JceSecurity$1
Event: 2.555 loading class javax/crypto/JceSecurity$1 done
Event: 2.558 loading class javax/crypto/CryptoPolicyParser


Dynamic libraries:
0x00007ff68c870000 - 0x00007ff68c8a7000 	C:\Program Files\Java\jre1.8.0_221\bin\javaw.exe
0x0000000001020000 - 0x0000000001210000 	C:\WINDOWS\SYSTEM32\ntd1l.dll
0x0000000000f10000 - 0x0000000000fc2000 	C:\WINDOWS\System32\kern3l32.dll
0x00007ffcc5260000 - 0x00007ffcc5450000 	C:\WINDOWS\SYSTEM32\ntdll.dll
0x00007ffcc5160000 - 0x00007ffcc5212000 	C:\WINDOWS\System32\KERNEL32.DLL
0x00007ffcc2d70000 - 0x00007ffcc3014000 	C:\WINDOWS\System32\KERNELBASE.dll
0x00007ffcc1e70000 - 0x00007ffcc2006000 	C:\Program Files\SentinelOne\Sentinel Agent 4.0.3.53\InProcessClient64.dll
0x00007ffcc4f00000 - 0x00007ffcc4fa3000 	C:\WINDOWS\System32\ADVAPI32.dll
0x00007ffcc3310000 - 0x00007ffcc33ae000 	C:\WINDOWS\System32\msvcrt.dll
0x00007ffcc3b70000 - 0x00007ffcc3c07000 	C:\WINDOWS\System32\sechost.dll
0x00007ffcc4750000 - 0x00007ffcc4870000 	C:\WINDOWS\System32\RPCRT4.dll
0x00007ffcc48f0000 - 0x00007ffcc4a84000 	C:\WINDOWS\System32\USER32.dll
0x00007ffcc21f0000 - 0x00007ffcc2211000 	C:\WINDOWS\System32\win32u.dll
0x00007ffcc3eb0000 - 0x00007ffcc3ed6000 	C:\WINDOWS\System32\GDI32.dll
0x00007ffcc30c0000 - 0x00007ffcc3255000 	C:\WINDOWS\System32\gdi32full.dll
0x00007ffcc3020000 - 0x00007ffcc30be000 	C:\WINDOWS\System32\msvcp_win.dll
0x00007ffcc2bc0000 - 0x00007ffcc2cba000 	C:\WINDOWS\System32\ucrtbase.dll
0x00007ffca8400000 - 0x00007ffca8684000 	C:\WINDOWS\WinSxS\amd64_microsoft.windows.common-controls_6595b64144ccf1df_6.0.18362.904_none_e6c2bb011310e273\COMCTL32.dll
0x00007ffcc3460000 - 0x00007ffcc3795000 	C:\WINDOWS\System32\combase.dll
0x00007ffcc2cc0000 - 0x00007ffcc2d40000 	C:\WINDOWS\System32\bcryptPrimitives.dll
0x00007ffcc3d00000 - 0x00007ffcc3d2e000 	C:\WINDOWS\System32\IMM32.DLL
0x00007ffcc1d70000 - 0x00007ffcc1d7a000 	C:\WINDOWS\SYSTEM32\VERSION.dll
0x00000000572b0000 - 0x0000000057382000 	C:\Program Files\Java\jre1.8.0_221\bin\msvcr100.dll
0x0000000057830000 - 0x00000000580d5000 	C:\Program Files\Java\jre1.8.0_221\bin\server\jvm.dll
0x00007ffcc38d0000 - 0x00007ffcc38d8000 	C:\WINDOWS\System32\PSAPI.DLL
0x00007ffca9800000 - 0x00007ffca9809000 	C:\WINDOWS\SYSTEM32\WSOCK32.dll
0x00007ffcc3c10000 - 0x00007ffcc3c7f000 	C:\WINDOWS\System32\WS2_32.dll
0x00007ffcbf8e0000 - 0x00007ffcbf904000 	C:\WINDOWS\SYSTEM32\WINMM.dll
0x00007ffcbf8b0000 - 0x00007ffcbf8dd000 	C:\WINDOWS\SYSTEM32\WINMMBASE.dll
0x00007ffcc2b70000 - 0x00007ffcc2bba000 	C:\WINDOWS\System32\cfgmgr32.dll
0x00007ffc8fe70000 - 0x00007ffc8fe7f000 	C:\Program Files\Java\jre1.8.0_221\bin\verify.dll
0x00007ffc8b480000 - 0x00007ffc8b4a9000 	C:\Program Files\Java\jre1.8.0_221\bin\java.dll
0x00007ffcbdc00000 - 0x00007ffcbdc35000 	C:\Program Files\Java\jre1.8.0_221\bin\jdwp.dll
0x00007ffcbf9c0000 - 0x00007ffcbf9c8000 	C:\Program Files\Java\jre1.8.0_221\bin\npt.dll
0x00007ffcb7b10000 - 0x00007ffcb7b33000 	C:\Program Files\Java\jre1.8.0_221\bin\instrument.dll
0x00007ffc8b460000 - 0x00007ffc8b476000 	C:\Program Files\Java\jre1.8.0_221\bin\zip.dll
0x00007ffcc3f00000 - 0x00007ffcc45e6000 	C:\WINDOWS\System32\SHELL32.dll
0x00007ffcc33b0000 - 0x00007ffcc3459000 	C:\WINDOWS\System32\shcore.dll
0x00007ffcc2280000 - 0x00007ffcc2a00000 	C:\WINDOWS\System32\windows.storage.dll
0x00007ffcc21c0000 - 0x00007ffcc21e3000 	C:\WINDOWS\System32\profapi.dll
0x00007ffcc2150000 - 0x00007ffcc219a000 	C:\WINDOWS\System32\powrprof.dll
0x00007ffcc2120000 - 0x00007ffcc2130000 	C:\WINDOWS\System32\UMPDC.dll
0x00007ffcc38e0000 - 0x00007ffcc3932000 	C:\WINDOWS\System32\shlwapi.dll
0x00007ffcc21a0000 - 0x00007ffcc21b1000 	C:\WINDOWS\System32\kernel.appcore.dll
0x00007ffcc2b50000 - 0x00007ffcc2b67000 	C:\WINDOWS\System32\cryptsp.dll
0x00007ffcbf270000 - 0x00007ffcbf279000 	C:\Program Files\Java\jre1.8.0_221\bin\dt_socket.dll
0x00007ffcaba20000 - 0x00007ffcaba36000 	C:\WINDOWS\system32\napinsp.dll
0x00007ffcab800000 - 0x00007ffcab81a000 	C:\WINDOWS\system32\pnrpnsp.dll
0x00007ffcc1780000 - 0x00007ffcc17e7000 	C:\WINDOWS\System32\mswsock.dll
0x00007ffcc14e0000 - 0x00007ffcc15ab000 	C:\WINDOWS\SYSTEM32\DNSAPI.dll
0x00007ffcc3ee0000 - 0x00007ffcc3ee8000 	C:\WINDOWS\System32\NSI.dll
0x00007ffcc1490000 - 0x00007ffcc14ca000 	C:\WINDOWS\SYSTEM32\IPHLPAPI.DLL
0x00007ffca9ad0000 - 0x00007ffca9ade000 	C:\WINDOWS\System32\winrnr.dll
0x00007ffcbf5d0000 - 0x00007ffcbf5ec000 	C:\WINDOWS\system32\NLAapi.dll
0x00007ffca9a60000 - 0x00007ffca9a75000 	C:\WINDOWS\system32\wshbth.dll
0x00007ffcbe130000 - 0x00007ffcbe1a7000 	C:\WINDOWS\System32\fwpuclnt.dll
0x00007ffcc2d40000 - 0x00007ffcc2d66000 	C:\WINDOWS\System32\bcrypt.dll
0x00007ffcb8c60000 - 0x00007ffcb8c6a000 	C:\Windows\System32\rasadhlp.dll
0x00007ffcbe830000 - 0x00007ffcbe84a000 	C:\Program Files\Java\jre1.8.0_221\bin\net.dll
0x00007ffcb5510000 - 0x00007ffcb56e6000 	C:\WINDOWS\SYSTEM32\urlmon.dll
0x00007ffcb59d0000 - 0x00007ffcb5c76000 	C:\WINDOWS\SYSTEM32\iertutil.dll
0x00007ffcc1950000 - 0x00007ffcc195c000 	C:\WINDOWS\SYSTEM32\CRYPTBASE.DLL
0x00007ffcb3fa0000 - 0x00007ffcb3fc4000 	C:\Program Files\Java\jre1.8.0_221\bin\sunec.dll

VM Arguments:
jvm_args: -agentlib:jdwp=transport=dt_socket,suspend=y,address=localhost:51422 -ea -javaagent:C:\Users\1025532\eclipse\java-2019-06\eclipse\configuration\org.eclipse.osgi\226\0\.cp\lib\javaagent-shaded.jar -Dfile.encoding=UTF-8 
java_command: org.eclipse.jdt.internal.junit.runner.RemoteTestRunner -version 3 -port 51421 -testLoaderClass org.eclipse.jdt.internal.junit4.runner.JUnit4TestLoader -loaderpluginname org.eclipse.jdt.junit4.runtime -classNames Runner.TestRunner
java_class_path (initial): C:\Users\1025532\REXEMR\APIAutomation\target\test-classes;C:\Users\1025532\REXEMR\APIAutomation\target\classes;C:\Users\1025532\.m2\repository\io\rest-assured\rest-assured\4.2.0\rest-assured-4.2.0.jar;C:\Users\1025532\.m2\repository\org\codehaus\groovy\groovy\2.5.8\groovy-2.5.8.jar;C:\Users\1025532\.m2\repository\org\codehaus\groovy\groovy-xml\2.5.8\groovy-xml-2.5.8.jar;C:\Users\1025532\.m2\repository\org\apache\httpcomponents\httpclient\4.5.3\httpclient-4.5.3.jar;C:\Users\1025532\.m2\repository\org\apache\httpcomponents\httpcore\4.4.6\httpcore-4.4.6.jar;C:\Users\1025532\.m2\repository\commons-logging\commons-logging\1.2\commons-logging-1.2.jar;C:\Users\1025532\.m2\repository\commons-codec\commons-codec\1.9\commons-codec-1.9.jar;C:\Users\1025532\.m2\repository\org\apache\httpcomponents\httpmime\4.5.3\httpmime-4.5.3.jar;C:\Users\1025532\.m2\repository\org\hamcrest\hamcrest\2.1\hamcrest-2.1.jar;C:\Users\1025532\.m2\repository\org\ccil\cowan\tagsoup\tagsoup\1.2.1\tagsoup-1.2.1.jar;C:\Users\1025532\.m2\repository\io\rest-assured\json-path\4.2.0\json-path-4.2.0.jar;C:\Users\1025532\.m2\repository\org\codehaus\groovy\groovy-json\2.5.8\groovy-json-2.5.8.jar;C:\Users\1025532\.m2\repository\io\rest-assured\rest-assured-common\4.2.0\rest-assured-common-4.2.0.jar;C:\Users\1025532\.m2\repository\io\rest-assured\xml-path\4.2.0\xml-path-4.2.0.jar;C:\Users\1025532\.m2\repository\jakarta\xml\bind\jakarta.xml.bind-api\2.3.2\jakarta.xml.bind-api-2.3.2.jar;C:\Users\1025532\.m2\repository\jakarta\activation\jakarta.activation-api\1.2.1\jakarta.activation-api-1.2.1.jar;C:\Users\1025532\.m2\repository\com\sun\xml\bind\jaxb-osgi\2.3.0.1\jaxb-osgi-2.3.0.1.jar;C:\Users\1025532\.m2\repository\org\apache\sling\org.apache.sling.javax.activation\0.1.0\org.apache.sling.javax.activation-0.1.0.jar;C:\Users\1025532\.m2\repository\javax\activation\activation\1.1.1\activation-1.1.1.jar;C:\Users\1025532\.m2\repository\com\googlecode\json-simple\json-simple\1.1.1\json-simpl
Launcher Type: SUN_STANDARD

Environment Variables:
USERNAME=1025532
OS=Windows_NT
PROCESSOR_IDENTIFIER=Intel64 Family 6 Model 158 Stepping 10, GenuineIntel



---------------  S Y S T E M  ---------------

OS: Windows 10.0 , 64 bit Build 18362 (10.0.18362.900)

CPU:total 12 (initial active 12) (6 cores per cpu, 2 threads per core) family 6 model 158 stepping 10, cmov, cx8, fxsr, mmx, sse, sse2, sse3, ssse3, sse4.1, sse4.2, popcnt, avx, avx2, aes, clmul, erms, rtm, 3dnowpref, lzcnt, ht, tsc, tscinvbit, bmi1, bmi2, adx

Memory: 4k page, physical 16584676k(4172592k free), swap 47740124k(5608k free)

vm_info: Java HotSpot(TM) 64-Bit Server VM (25.221-b11) for windows-amd64 JRE (1.8.0_221-b11), built on Jul  4 2019 04:39:29 by "java_re" with MS VC++ 10.0 (VS2010)

time: Sat Jul 25 17:42:02 2020
timezone: India Standard Time
elapsed time: 2 seconds (0d 0h 0m 2s)

