#
# There is insufficient memory for the Java Runtime Environment to continue.
# Native memory allocation (malloc) failed to allocate 32744 bytes for ChunkPool::allocate
# Possible reasons:
#   The system is out of physical RAM or swap space
#   The process is running with CompressedOops enabled, and the Java Heap may be blocking the growth of the native heap
# Possible solutions:
#   Reduce memory load on the system
#   Increase physical memory or swap space
#   Check if swap backing store is full
#   Decrease Java heap size (-Xmx/-Xms)
#   Decrease number of Java threads
#   Decrease Java thread stack sizes (-Xss)
#   Set larger code cache with -XX:ReservedCodeCacheSize=
#   JVM is running with Zero Based Compressed Oops mode in which the Java heap is
#     placed in the first 32GB address space. The Java Heap base address is the
#     maximum limit for the native heap growth. Please use -XX:HeapBaseMinAddress
#     to set the Java Heap base and to place the Java Heap above 32GB virtual address.
# This output file may be truncated or incomplete.
#
#  Out of Memory Error (allocation.cpp:272), pid=13180, tid=0x00000000000065b8
#
# JRE version: Java(TM) SE Runtime Environment (8.0_221-b11) (build 1.8.0_221-b11)
# Java VM: Java HotSpot(TM) 64-Bit Server VM (25.221-b11 mixed mode windows-amd64 compressed oops)
# Failed to write core dump. Minidumps are not enabled by default on client versions of Windows
#

---------------  T H R E A D  ---------------

Current thread (0x000000001e9ed800):  JavaThread "C2 CompilerThread1" daemon [_thread_in_native, id=26040, stack(0x0000000020140000,0x0000000020240000)]

Stack: [0x0000000020140000,0x0000000020240000]
[error occurred during error reporting (printing stack bounds), id 0xc0000005]

Native frames: (J=compiled Java code, j=interpreted, Vv=VM code, C=native code)


Current CompileTask:
C2:    338  328  s!   4       sun.misc.URLClassPath::getLoader (243 bytes)


---------------  P R O C E S S  ---------------

Java Threads: ( => current thread )
  0x000000001ed6d800 JavaThread "ReaderThread" [_thread_in_native, id=24712, stack(0x0000000020e40000,0x0000000020f40000)]
  0x000000001ea7c000 JavaThread "Service Thread" daemon [_thread_blocked, id=20460, stack(0x0000000020440000,0x0000000020540000)]
  0x000000001e9f6800 JavaThread "C1 CompilerThread3" daemon [_thread_blocked, id=24644, stack(0x0000000020340000,0x0000000020440000)]
  0x000000001e9f6000 JavaThread "C2 CompilerThread2" daemon [_thread_in_native, id=10252, stack(0x0000000020240000,0x0000000020340000)]
=>0x000000001e9ed800 JavaThread "C2 CompilerThread1" daemon [_thread_in_native, id=26040, stack(0x0000000020140000,0x0000000020240000)]
  0x000000001e9ea000 JavaThread "C2 CompilerThread0" daemon [_thread_in_native, id=12576, stack(0x0000000020040000,0x0000000020140000)]
  0x000000001e9e5000 JavaThread "Attach Listener" daemon [_thread_blocked, id=26748, stack(0x000000001ff40000,0x0000000020040000)]
  0x000000001e9e4000 JavaThread "Signal Dispatcher" daemon [_thread_blocked, id=15788, stack(0x000000001fe40000,0x000000001ff40000)]
  0x000000001e9d3000 JavaThread "Finalizer" daemon [_thread_blocked, id=24672, stack(0x000000001fc40000,0x000000001fd40000)]
  0x000000001d2dc800 JavaThread "Reference Handler" daemon [_thread_blocked, id=23192, stack(0x000000001fb40000,0x000000001fc40000)]
  0x0000000003676000 JavaThread "main" [_thread_in_Java, id=29160, stack(0x0000000003570000,0x0000000003670000)]

Other Threads:
  0x000000000376c800 VMThread [stack: 0x000000001fa40000,0x000000001fb40000] [id=24684]
  0x000000001eaf3000 WatcherThread [stack: 0x0000000020540000,0x0000000020640000] [id=28436]

VM state:not at safepoint (normal execution)

VM Mutex/Monitor currently owned by a thread: None

heap address: 0x00000006c2e00000, size: 4050 MB, Compressed Oops mode: Zero based, Oop shift amount: 3
Narrow klass base: 0x0000000000000000, Narrow klass shift: 3
Compressed class space size: 1073741824 Address: 0x00000007c0000000

Heap:
 PSYoungGen      total 75776K, used 16923K [0x000000076ba00000, 0x0000000770e80000, 0x00000007c0000000)
  eden space 65024K, 26% used [0x000000076ba00000,0x000000076ca86fe0,0x000000076f980000)
  from space 10752K, 0% used [0x0000000770400000,0x0000000770400000,0x0000000770e80000)
  to   space 10752K, 0% used [0x000000076f980000,0x000000076f980000,0x0000000770400000)
 ParOldGen       total 173568K, used 0K [0x00000006c2e00000, 0x00000006cd780000, 0x000000076ba00000)
  object space 173568K, 0% used [0x00000006c2e00000,0x00000006c2e00000,0x00000006cd780000)
 Metaspace       used 4678K, capacity 5268K, committed 5504K, reserved 1056768K
  class space    used 578K, capacity 592K, committed 640K, reserved 1048576K

Card table byte_map: [0x0000000012b30000,0x0000000013320000] byte_map_base: 0x000000000f519000

Marking Bits: (ParMarkBitMap*) 0x0000000058055ce0
 Begin Bits: [0x0000000014270000, 0x00000000181b8000)
 End Bits:   [0x00000000181b8000, 0x000000001c100000)

Polling page: 0x0000000000f00000

CodeCache: size=245760Kb used=2061Kb max_used=2061Kb free=243698Kb
 bounds [0x0000000003770000, 0x00000000039e0000, 0x0000000012770000]
 total_blobs=619 nmethods=356 adapters=176
 compilation: enabled

Compilation events (10 events):
Event: 0.331 Thread 0x000000001e9f6800 nmethod 356 0x000000000396d890 code [0x000000000396dc00, 0x000000000396f5b8]
Event: 0.331 Thread 0x000000001e9f6800  357       3       java.util.zip.ZipFile::access$500 (6 bytes)
Event: 0.331 Thread 0x000000001e9f6800 nmethod 357 0x0000000003970a10 code [0x0000000003970b80, 0x0000000003970ce8]
Event: 0.331 Thread 0x000000001e9f6800  349       3       java.util.zip.InflaterInputStream::close (34 bytes)
Event: 0.332 Thread 0x000000001e9f6800 nmethod 349 0x0000000003970d90 code [0x0000000003970f00, 0x00000000039711f8]
Event: 0.333 Thread 0x000000001e9f6800  359       3       java.net.URLClassLoader$1::run (5 bytes)
Event: 0.333 Thread 0x000000001e9f6800 nmethod 359 0x00000000039716d0 code [0x0000000003971840, 0x00000000039719e8]
Event: 0.333 Thread 0x000000001e9f6800  360   !   3       java.net.URLClassLoader$1::run (63 bytes)
Event: 0.334 Thread 0x000000001e9f6800 nmethod 360 0x0000000003971a90 code [0x0000000003971c60, 0x00000000039721a8]
Event: 0.336 Thread 0x000000001e9f6800  361       3       java.security.CodeSource::getCertificates (98 bytes)

GC Heap History (0 events):
No events

Deoptimization events (2 events):
Event: 0.176 Thread 0x0000000003676000 Uncommon trap: reason=unstable_if action=reinterpret pc=0x000000000387e4b4 method=java.lang.String.hashCode()I @ 14
Event: 0.264 Thread 0x0000000003676000 Uncommon trap: reason=unstable_if action=reinterpret pc=0x0000000003925264 method=sun.misc.URLClassPath.getLoader(I)Lsun/misc/URLClassPath$Loader; @ 36

Classes redefined (0 events):
No events

Internal exceptions (8 events):
Event: 0.026 Thread 0x0000000003676000 Exception <a 'java/lang/NoSuchMethodError': Method sun.misc.Unsafe.defineClass(Ljava/lang/String;[BII)Ljava/lang/Class; name or signature does not match> (0x000000076ba07cb8) thrown at [C:\re\workspace\8-2-build-windows-amd64-cygwin\jdk8u221\13320\hotspot
Event: 0.026 Thread 0x0000000003676000 Exception <a 'java/lang/NoSuchMethodError': Method sun.misc.Unsafe.prefetchRead(Ljava/lang/Object;J)V name or signature does not match> (0x000000076ba07fa0) thrown at [C:\re\workspace\8-2-build-windows-amd64-cygwin\jdk8u221\13320\hotspot\src\share\vm\prim
Event: 0.139 Thread 0x0000000003676000 Exception <a 'java/security/PrivilegedActionException'> (0x000000076bee5598) thrown at [C:\re\workspace\8-2-build-windows-amd64-cygwin\jdk8u221\13320\hotspot\src\share\vm\prims\jvm.cpp, line 1502]
Event: 0.139 Thread 0x0000000003676000 Exception <a 'java/security/PrivilegedActionException'> (0x000000076bee57a8) thrown at [C:\re\workspace\8-2-build-windows-amd64-cygwin\jdk8u221\13320\hotspot\src\share\vm\prims\jvm.cpp, line 1502]
Event: 0.264 Thread 0x0000000003676000 Exception <a 'java/security/PrivilegedActionException'> (0x000000076c505c68) thrown at [C:\re\workspace\8-2-build-windows-amd64-cygwin\jdk8u221\13320\hotspot\src\share\vm\prims\jvm.cpp, line 1502]
Event: 0.264 Thread 0x0000000003676000 Exception <a 'java/security/PrivilegedActionException'> (0x000000076c506060) thrown at [C:\re\workspace\8-2-build-windows-amd64-cygwin\jdk8u221\13320\hotspot\src\share\vm\prims\jvm.cpp, line 1502]
Event: 0.265 Thread 0x0000000003676000 Exception <a 'java/security/PrivilegedActionException'> (0x000000076c50a0a0) thrown at [C:\re\workspace\8-2-build-windows-amd64-cygwin\jdk8u221\13320\hotspot\src\share\vm\prims\jvm.cpp, line 1502]
Event: 0.265 Thread 0x0000000003676000 Exception <a 'java/security/PrivilegedActionException'> (0x000000076c50a498) thrown at [C:\re\workspace\8-2-build-windows-amd64-cygwin\jdk8u221\13320\hotspot\src\share\vm\prims\jvm.cpp, line 1502]

Events (10 events):
Event: 0.334 loading class cucumber/runtime/autocomplete/MetaStepdef
Event: 0.334 loading class cucumber/runtime/autocomplete/MetaStepdef done
Event: 0.335 loading class cucumber/runtime/formatter/JUnitFormatter$1
Event: 0.335 loading class cucumber/runtime/formatter/JUnitFormatter$1 done
Event: 0.335 loading class cucumber/runtime/io/FileResourceIterator$FileIterator
Event: 0.335 loading class cucumber/runtime/io/FileResourceIterator$FileIterator done
Event: 0.336 loading class cucumber/runtime/model/CucumberFeature
Event: 0.336 loading class cucumber/runtime/model/CucumberFeature done
Event: 0.336 loading class cucumber/runtime/ParameterInfo
Event: 0.336 loading class cucumber/runtime/ParameterInfo done


Dynamic libraries:
0x00007ff68c870000 - 0x00007ff68c8a7000 	C:\Program Files\Java\jre1.8.0_221\bin\javaw.exe
0x0000000001550000 - 0x0000000001740000 	C:\WINDOWS\SYSTEM32\ntd1l.dll
0x0000000001750000 - 0x0000000001802000 	C:\WINDOWS\System32\kern3l32.dll
0x00007ffcc5260000 - 0x00007ffcc5450000 	C:\WINDOWS\SYSTEM32\ntdll.dll
0x00007ffcc5160000 - 0x00007ffcc5212000 	C:\WINDOWS\System32\KERNEL32.DLL
0x00007ffcc2d70000 - 0x00007ffcc3014000 	C:\WINDOWS\System32\KERNELBASE.dll
0x00007ffcbdf20000 - 0x00007ffcbdfaf000 	C:\WINDOWS\SYSTEM32\apphelp.dll
0x00007ffcc1e70000 - 0x00007ffcc2006000 	C:\Program Files\SentinelOne\Sentinel Agent 4.0.3.53\InProcessClient64.dll
0x00007ffcc4f00000 - 0x00007ffcc4fa3000 	C:\WINDOWS\System32\ADVAPI32.dll
0x00007ffcc3310000 - 0x00007ffcc33ae000 	C:\WINDOWS\System32\msvcrt.dll
0x00007ffcc3b70000 - 0x00007ffcc3c07000 	C:\WINDOWS\System32\sechost.dll
0x00007ffcc4750000 - 0x00007ffcc4870000 	C:\WINDOWS\System32\RPCRT4.dll
0x00007ffcc48f0000 - 0x00007ffcc4a84000 	C:\WINDOWS\System32\USER32.dll
0x00007ffcc21f0000 - 0x00007ffcc2211000 	C:\WINDOWS\System32\win32u.dll
0x00007ffcc3eb0000 - 0x00007ffcc3ed6000 	C:\WINDOWS\System32\GDI32.dll
0x00007ffcc30c0000 - 0x00007ffcc3255000 	C:\WINDOWS\System32\gdi32full.dll
0x00007ffcc3020000 - 0x00007ffcc30be000 	C:\WINDOWS\System32\msvcp_win.dll
0x00007ffcc2bc0000 - 0x00007ffcc2cba000 	C:\WINDOWS\System32\ucrtbase.dll
0x00007ffca8400000 - 0x00007ffca8684000 	C:\WINDOWS\WinSxS\amd64_microsoft.windows.common-controls_6595b64144ccf1df_6.0.18362.904_none_e6c2bb011310e273\COMCTL32.dll
0x00007ffcc3460000 - 0x00007ffcc3795000 	C:\WINDOWS\System32\combase.dll
0x00007ffcc2cc0000 - 0x00007ffcc2d40000 	C:\WINDOWS\System32\bcryptPrimitives.dll
0x00007ffcc3d00000 - 0x00007ffcc3d2e000 	C:\WINDOWS\System32\IMM32.DLL
0x00007ffcc1d70000 - 0x00007ffcc1d7a000 	C:\WINDOWS\SYSTEM32\VERSION.dll
0x00000000572b0000 - 0x0000000057382000 	C:\Program Files\Java\jre1.8.0_221\bin\msvcr100.dll
0x0000000057830000 - 0x00000000580d5000 	C:\Program Files\Java\jre1.8.0_221\bin\server\jvm.dll
0x00007ffcc38d0000 - 0x00007ffcc38d8000 	C:\WINDOWS\System32\PSAPI.DLL
0x00007ffca9800000 - 0x00007ffca9809000 	C:\WINDOWS\SYSTEM32\WSOCK32.dll
0x00007ffcc3c10000 - 0x00007ffcc3c7f000 	C:\WINDOWS\System32\WS2_32.dll
0x00007ffcbf8e0000 - 0x00007ffcbf904000 	C:\WINDOWS\SYSTEM32\WINMM.dll
0x00007ffcbf8b0000 - 0x00007ffcbf8dd000 	C:\WINDOWS\SYSTEM32\WINMMBASE.dll
0x00007ffcc2b70000 - 0x00007ffcc2bba000 	C:\WINDOWS\System32\cfgmgr32.dll
0x00007ffc8fe70000 - 0x00007ffc8fe7f000 	C:\Program Files\Java\jre1.8.0_221\bin\verify.dll
0x00007ffc8b480000 - 0x00007ffc8b4a9000 	C:\Program Files\Java\jre1.8.0_221\bin\java.dll
0x00007ffc8b460000 - 0x00007ffc8b476000 	C:\Program Files\Java\jre1.8.0_221\bin\zip.dll
0x00007ffcc3f00000 - 0x00007ffcc45e6000 	C:\WINDOWS\System32\SHELL32.dll
0x00007ffcc33b0000 - 0x00007ffcc3459000 	C:\WINDOWS\System32\shcore.dll
0x00007ffcc2280000 - 0x00007ffcc2a00000 	C:\WINDOWS\System32\windows.storage.dll
0x00007ffcc21c0000 - 0x00007ffcc21e3000 	C:\WINDOWS\System32\profapi.dll
0x00007ffcc2150000 - 0x00007ffcc219a000 	C:\WINDOWS\System32\powrprof.dll
0x00007ffcc2120000 - 0x00007ffcc2130000 	C:\WINDOWS\System32\UMPDC.dll
0x00007ffcc38e0000 - 0x00007ffcc3932000 	C:\WINDOWS\System32\shlwapi.dll
0x00007ffcc21a0000 - 0x00007ffcc21b1000 	C:\WINDOWS\System32\kernel.appcore.dll
0x00007ffcc2b50000 - 0x00007ffcc2b67000 	C:\WINDOWS\System32\cryptsp.dll
0x00007ffcbd110000 - 0x00007ffcbd12a000 	C:\Program Files\Java\jre1.8.0_221\bin\net.dll
0x00007ffcb5510000 - 0x00007ffcb56e6000 	C:\WINDOWS\SYSTEM32\urlmon.dll
0x00007ffcb59d0000 - 0x00007ffcb5c76000 	C:\WINDOWS\SYSTEM32\iertutil.dll
0x00007ffcc1950000 - 0x00007ffcc195c000 	C:\WINDOWS\SYSTEM32\CRYPTBASE.DLL
0x00007ffcc1780000 - 0x00007ffcc17e7000 	C:\WINDOWS\system32\mswsock.dll

VM Arguments:
jvm_args: -ea -Dfile.encoding=UTF-8 
java_command: org.eclipse.jdt.internal.junit.runner.RemoteTestRunner -version 3 -port 56069 -testLoaderClass org.eclipse.jdt.internal.junit4.runner.JUnit4TestLoader -loaderpluginname org.eclipse.jdt.junit4.runtime -classNames Runner.TestRunner
java_class_path (initial): C:\Users\1025532\REXEMR\APIAutomation\target\test-classes;C:\Users\1025532\REXEMR\APIAutomation\target\classes;C:\Users\1025532\.m2\repository\io\rest-assured\rest-assured\4.2.0\rest-assured-4.2.0.jar;C:\Users\1025532\.m2\repository\org\codehaus\groovy\groovy\2.5.8\groovy-2.5.8.jar;C:\Users\1025532\.m2\repository\org\codehaus\groovy\groovy-xml\2.5.8\groovy-xml-2.5.8.jar;C:\Users\1025532\.m2\repository\org\apache\httpcomponents\httpclient\4.5.3\httpclient-4.5.3.jar;C:\Users\1025532\.m2\repository\org\apache\httpcomponents\httpcore\4.4.6\httpcore-4.4.6.jar;C:\Users\1025532\.m2\repository\commons-logging\commons-logging\1.2\commons-logging-1.2.jar;C:\Users\1025532\.m2\repository\commons-codec\commons-codec\1.9\commons-codec-1.9.jar;C:\Users\1025532\.m2\repository\org\apache\httpcomponents\httpmime\4.5.3\httpmime-4.5.3.jar;C:\Users\1025532\.m2\repository\org\hamcrest\hamcrest\2.1\hamcrest-2.1.jar;C:\Users\1025532\.m2\repository\org\ccil\cowan\tagsoup\tagsoup\1.2.1\tagsoup-1.2.1.jar;C:\Users\1025532\.m2\repository\io\rest-assured\json-path\4.2.0\json-path-4.2.0.jar;C:\Users\1025532\.m2\repository\org\codehaus\groovy\groovy-json\2.5.8\groovy-json-2.5.8.jar;C:\Users\1025532\.m2\repository\io\rest-assured\rest-assured-common\4.2.0\rest-assured-common-4.2.0.jar;C:\Users\1025532\.m2\repository\io\rest-assured\xml-path\4.2.0\xml-path-4.2.0.jar;C:\Users\1025532\.m2\repository\jakarta\xml\bind\jakarta.xml.bind-api\2.3.2\jakarta.xml.bind-api-2.3.2.jar;C:\Users\1025532\.m2\repository\jakarta\activation\jakarta.activation-api\1.2.1\jakarta.activation-api-1.2.1.jar;C:\Users\1025532\.m2\repository\com\sun\xml\bind\jaxb-osgi\2.3.0.1\jaxb-osgi-2.3.0.1.jar;C:\Users\1025532\.m2\repository\org\apache\sling\org.apache.sling.javax.activation\0.1.0\org.apache.sling.javax.activation-0.1.0.jar;C:\Users\1025532\.m2\repository\javax\activation\activation\1.1.1\activation-1.1.1.jar;C:\Users\1025532\.m2\repository\com\googlecode\json-simple\json-simple\1.1.1\json-simpl
Launcher Type: SUN_STANDARD

Environment Variables:
USERNAME=1025532
OS=Windows_NT
PROCESSOR_IDENTIFIER=Intel64 Family 6 Model 158 Stepping 10, GenuineIntel



---------------  S Y S T E M  ---------------

OS: Windows 10.0 , 64 bit Build 18362 (10.0.18362.900)

CPU:total 12 (initial active 12) (6 cores per cpu, 2 threads per core) family 6 model 158 stepping 10, cmov, cx8, fxsr, mmx, sse, sse2, sse3, ssse3, sse4.1, sse4.2, popcnt, avx, avx2, aes, clmul, erms, rtm, 3dnowpref, lzcnt, ht, tsc, tscinvbit, bmi1, bmi2, adx

Memory: 4k page, physical 16584676k(3799100k free), swap 47740124k(4120k free)

vm_info: Java HotSpot(TM) 64-Bit Server VM (25.221-b11) for windows-amd64 JRE (1.8.0_221-b11), built on Jul  4 2019 04:39:29 by "java_re" with MS VC++ 10.0 (VS2010)

time: Sat Jul 25 16:07:23 2020
timezone: India Standard Time
elapsed time: 0 seconds (0d 0h 0m 0s)

