#
# There is insufficient memory for the Java Runtime Environment to continue.
# Native memory allocation (malloc) failed to allocate 684496 bytes for Chunk::new
# Possible reasons:
#   The system is out of physical RAM or swap space
#   The process is running with CompressedOops enabled, and the Java Heap may be blocking the growth of the native heap
# Possible solutions:
#   Reduce memory load on the system
#   Increase physical memory or swap space
#   Check if swap backing store is full
#   Decrease Java heap size (-Xmx/-Xms)
#   Decrease number of Java threads
#   Decrease Java thread stack sizes (-Xss)
#   Set larger code cache with -XX:ReservedCodeCacheSize=
#   JVM is running with Zero Based Compressed Oops mode in which the Java heap is
#     placed in the first 32GB address space. The Java Heap base address is the
#     maximum limit for the native heap growth. Please use -XX:HeapBaseMinAddress
#     to set the Java Heap base and to place the Java Heap above 32GB virtual address.
# This output file may be truncated or incomplete.
#
#  Out of Memory Error (allocation.cpp:389), pid=18168, tid=0x00000000000046f4
#
# JRE version: Java(TM) SE Runtime Environment (8.0_221-b11) (build 1.8.0_221-b11)
# Java VM: Java HotSpot(TM) 64-Bit Server VM (25.221-b11 mixed mode windows-amd64 compressed oops)
# Failed to write core dump. Minidumps are not enabled by default on client versions of Windows
#

---------------  T H R E A D  ---------------

Current thread (0x000000001e167000):  JavaThread "C2 CompilerThread0" daemon [_thread_in_native, id=18164, stack(0x000000001f7c0000,0x000000001f8c0000)]

Stack: [0x000000001f7c0000,0x000000001f8c0000]
[error occurred during error reporting (printing stack bounds), id 0xc0000005]

Native frames: (J=compiled Java code, j=interpreted, Vv=VM code, C=native code)


Current CompileTask:
C2:   1319 1357   !   4       java.lang.ClassLoader::loadClass (122 bytes)


---------------  P R O C E S S  ---------------

Java Threads: ( => current thread )
  0x000000002008d000 JavaThread "ReaderThread" [_thread_in_native, id=23248, stack(0x00000000205c0000,0x00000000206c0000)]
  0x000000001e1f1800 JavaThread "Service Thread" daemon [_thread_blocked, id=9280, stack(0x000000001fbc0000,0x000000001fcc0000)]
  0x000000001e173800 JavaThread "C1 CompilerThread3" daemon [_thread_in_native, id=23220, stack(0x000000001fac0000,0x000000001fbc0000)]
  0x000000001e173000 JavaThread "C2 CompilerThread2" daemon [_thread_in_native, id=14960, stack(0x000000001f9c0000,0x000000001fac0000)]
  0x000000001e16b000 JavaThread "C2 CompilerThread1" daemon [_thread_in_native, id=23848, stack(0x000000001f8c0000,0x000000001f9c0000)]
=>0x000000001e167000 JavaThread "C2 CompilerThread0" daemon [_thread_in_native, id=18164, stack(0x000000001f7c0000,0x000000001f8c0000)]
  0x000000001e164800 JavaThread "Attach Listener" daemon [_thread_blocked, id=21324, stack(0x000000001f6c0000,0x000000001f7c0000)]
  0x000000001e163800 JavaThread "Signal Dispatcher" daemon [_thread_blocked, id=5188, stack(0x000000001f5c0000,0x000000001f6c0000)]
  0x000000001e153800 JavaThread "Finalizer" daemon [_thread_blocked, id=16720, stack(0x000000001f3c0000,0x000000001f4c0000)]
  0x000000001ca6e800 JavaThread "Reference Handler" daemon [_thread_blocked, id=25848, stack(0x000000001f2c0000,0x000000001f3c0000)]
  0x0000000002db6000 JavaThread "main" [_thread_blocked, id=25712, stack(0x0000000002cb0000,0x0000000002db0000)]

Other Threads:
  0x000000001e132000 VMThread [stack: 0x000000001f1c0000,0x000000001f2c0000] [id=25108]
  0x000000001e26c800 WatcherThread [stack: 0x000000001fcc0000,0x000000001fdc0000] [id=20012]

VM state:not at safepoint (normal execution)

VM Mutex/Monitor currently owned by a thread: None

heap address: 0x00000006c2e00000, size: 4050 MB, Compressed Oops mode: Zero based, Oop shift amount: 3
Narrow klass base: 0x0000000000000000, Narrow klass shift: 3
Compressed class space size: 1073741824 Address: 0x00000007c0000000

Heap:
 PSYoungGen      total 75776K, used 36734K [0x000000076ba00000, 0x0000000770e80000, 0x00000007c0000000)
  eden space 65024K, 39% used [0x000000076ba00000,0x000000076d3622b0,0x000000076f980000)
  from space 10752K, 99% used [0x0000000770400000,0x0000000770e7d7f8,0x0000000770e80000)
  to   space 10752K, 0% used [0x000000076f980000,0x000000076f980000,0x0000000770400000)
 ParOldGen       total 173568K, used 325K [0x00000006c2e00000, 0x00000006cd780000, 0x000000076ba00000)
  object space 173568K, 0% used [0x00000006c2e00000,0x00000006c2e51570,0x00000006cd780000)
 Metaspace       used 15903K, capacity 16338K, committed 16384K, reserved 1062912K
  class space    used 2072K, capacity 2260K, committed 2304K, reserved 1048576K

Card table byte_map: [0x0000000012270000,0x0000000012a60000] byte_map_base: 0x000000000ec59000

Marking Bits: (ParMarkBitMap*) 0x0000000058055ce0
 Begin Bits: [0x00000000139b0000, 0x00000000178f8000)
 End Bits:   [0x00000000178f8000, 0x000000001b840000)

Polling page: 0x00000000003f0000

CodeCache: size=245760Kb used=6510Kb max_used=6510Kb free=239249Kb
 bounds [0x0000000002eb0000, 0x0000000003510000, 0x0000000011eb0000]
 total_blobs=2012 nmethods=1416 adapters=508
 compilation: enabled

Compilation events (10 events):
Event: 1.310 Thread 0x000000001e173800 1414       3       groovyjarjarasm.asm.Frame::setInputFrameFromDescriptor (175 bytes)
Event: 1.310 Thread 0x000000001e173800 nmethod 1414 0x0000000003506cd0 code [0x0000000003506ea0, 0x0000000003507798]
Event: 1.311 Thread 0x000000001e173800 1415       3       org.codehaus.groovy.reflection.CachedClass$3::initValue (232 bytes)
Event: 1.313 Thread 0x000000001e173800 nmethod 1415 0x0000000003507d90 code [0x0000000003508180, 0x000000000350a958]
Event: 1.314 Thread 0x000000001e173800 1416       3       java.beans.MethodDescriptor::<init> (111 bytes)
Event: 1.315 Thread 0x000000001e173800 nmethod 1416 0x000000000350be50 code [0x000000000350c060, 0x000000000350ccd8]
Event: 1.315 Thread 0x000000001e173800 1417       3       java.net.URLStreamHandler::setURL (73 bytes)
Event: 1.315 Thread 0x000000001e173800 nmethod 1417 0x000000000350d190 code [0x000000000350d380, 0x000000000350deb8]
Event: 1.315 Thread 0x000000001e173800 1418       3       groovy.lang.MetaClassImpl$Index::put (10 bytes)
Event: 1.316 Thread 0x000000001e173800 nmethod 1418 0x00000000034fe290 code [0x00000000034fe400, 0x00000000034fe628]

GC Heap History (4 events):
Event: 0.729 GC heap before
{Heap before GC invocations=1 (full 0):
 PSYoungGen      total 75776K, used 65024K [0x000000076ba00000, 0x0000000770e80000, 0x00000007c0000000)
  eden space 65024K, 100% used [0x000000076ba00000,0x000000076f980000,0x000000076f980000)
  from space 10752K, 0% used [0x0000000770400000,0x0000000770400000,0x0000000770e80000)
  to   space 10752K, 0% used [0x000000076f980000,0x000000076f980000,0x0000000770400000)
 ParOldGen       total 173568K, used 0K [0x00000006c2e00000, 0x00000006cd780000, 0x000000076ba00000)
  object space 173568K, 0% used [0x00000006c2e00000,0x00000006c2e00000,0x00000006cd780000)
 Metaspace       used 9523K, capacity 9610K, committed 9856K, reserved 1058816K
  class space    used 1357K, capacity 1393K, committed 1408K, reserved 1048576K
Event: 0.734 GC heap after
Heap after GC invocations=1 (full 0):
 PSYoungGen      total 75776K, used 6521K [0x000000076ba00000, 0x0000000770e80000, 0x00000007c0000000)
  eden space 65024K, 0% used [0x000000076ba00000,0x000000076ba00000,0x000000076f980000)
  from space 10752K, 60% used [0x000000076f980000,0x000000076ffde5f8,0x0000000770400000)
  to   space 10752K, 0% used [0x0000000770400000,0x0000000770400000,0x0000000770e80000)
 ParOldGen       total 173568K, used 8K [0x00000006c2e00000, 0x00000006cd780000, 0x000000076ba00000)
  object space 173568K, 0% used [0x00000006c2e00000,0x00000006c2e02000,0x00000006cd780000)
 Metaspace       used 9523K, capacity 9610K, committed 9856K, reserved 1058816K
  class space    used 1357K, capacity 1393K, committed 1408K, reserved 1048576K
}
Event: 1.229 GC heap before
{Heap before GC invocations=2 (full 0):
 PSYoungGen      total 75776K, used 71545K [0x000000076ba00000, 0x0000000770e80000, 0x00000007c0000000)
  eden space 65024K, 100% used [0x000000076ba00000,0x000000076f980000,0x000000076f980000)
  from space 10752K, 60% used [0x000000076f980000,0x000000076ffde5f8,0x0000000770400000)
  to   space 10752K, 0% used [0x0000000770400000,0x0000000770400000,0x0000000770e80000)
 ParOldGen       total 173568K, used 8K [0x00000006c2e00000, 0x00000006cd780000, 0x000000076ba00000)
  object space 173568K, 0% used [0x00000006c2e00000,0x00000006c2e02000,0x00000006cd780000)
 Metaspace       used 15447K, capacity 15746K, committed 16000K, reserved 1062912K
  class space    used 1989K, capacity 2121K, committed 2176K, reserved 1048576K
Event: 1.237 GC heap after
Heap after GC invocations=2 (full 0):
 PSYoungGen      total 75776K, used 10741K [0x000000076ba00000, 0x0000000770e80000, 0x00000007c0000000)
  eden space 65024K, 0% used [0x000000076ba00000,0x000000076ba00000,0x000000076f980000)
  from space 10752K, 99% used [0x0000000770400000,0x0000000770e7d7f8,0x0000000770e80000)
  to   space 10752K, 0% used [0x000000076f980000,0x000000076f980000,0x0000000770400000)
 ParOldGen       total 173568K, used 325K [0x00000006c2e00000, 0x00000006cd780000, 0x000000076ba00000)
  object space 173568K, 0% used [0x00000006c2e00000,0x00000006c2e51570,0x00000006cd780000)
 Metaspace       used 15447K, capacity 15746K, committed 16000K, reserved 1062912K
  class space    used 1989K, capacity 2121K, committed 2176K, reserved 1048576K
}

Deoptimization events (10 events):
Event: 1.206 Thread 0x0000000002db6000 Uncommon trap: reason=bimorphic action=maybe_recompile pc=0x000000000348f890 method=org.codehaus.groovy.runtime.metaclass.MetaMethodIndex.addMethodToList(Ljava/lang/Object;Lgroovy/lang/MetaMethod;)Ljava/lang/Object; @ 283
Event: 1.206 Thread 0x0000000002db6000 Uncommon trap: reason=bimorphic action=maybe_recompile pc=0x000000000348f890 method=org.codehaus.groovy.runtime.metaclass.MetaMethodIndex.addMethodToList(Ljava/lang/Object;Lgroovy/lang/MetaMethod;)Ljava/lang/Object; @ 283
Event: 1.206 Thread 0x0000000002db6000 Uncommon trap: reason=bimorphic action=maybe_recompile pc=0x000000000348f890 method=org.codehaus.groovy.runtime.metaclass.MetaMethodIndex.addMethodToList(Ljava/lang/Object;Lgroovy/lang/MetaMethod;)Ljava/lang/Object; @ 283
Event: 1.206 Thread 0x0000000002db6000 Uncommon trap: reason=bimorphic action=maybe_recompile pc=0x000000000348f890 method=org.codehaus.groovy.runtime.metaclass.MetaMethodIndex.addMethodToList(Ljava/lang/Object;Lgroovy/lang/MetaMethod;)Ljava/lang/Object; @ 283
Event: 1.239 Thread 0x0000000002db6000 Uncommon trap: reason=unstable_if action=reinterpret pc=0x00000000034d12e8 method=org.codehaus.groovy.runtime.metaclass.MetaMethodIndex.isNonRealMethod(Lgroovy/lang/MetaMethod;)Z @ 4
Event: 1.302 Thread 0x0000000002db6000 Uncommon trap: reason=bimorphic action=maybe_recompile pc=0x000000000314cf4c method=java.net.URL.<init>(Ljava/net/URL;Ljava/lang/String;Ljava/net/URLStreamHandler;)V @ 504
Event: 1.302 Thread 0x0000000002db6000 Uncommon trap: reason=unstable_if action=reinterpret pc=0x00000000031a00d8 method=sun.net.util.IPAddressUtil.scan(Ljava/lang/String;JJ[C)I @ 14
Event: 1.304 Thread 0x0000000002db6000 Uncommon trap: reason=bimorphic action=maybe_recompile pc=0x000000000314cf4c method=java.net.URL.<init>(Ljava/net/URL;Ljava/lang/String;Ljava/net/URLStreamHandler;)V @ 504
Event: 1.304 Thread 0x0000000002db6000 Uncommon trap: reason=unstable_if action=reinterpret pc=0x0000000003194db8 method=sun.net.util.IPAddressUtil.scan(Ljava/lang/String;JJ[C)I @ 14
Event: 1.306 Thread 0x0000000002db6000 Uncommon trap: reason=bimorphic action=maybe_recompile pc=0x000000000314cf4c method=java.net.URL.<init>(Ljava/net/URL;Ljava/lang/String;Ljava/net/URLStreamHandler;)V @ 504

Classes redefined (0 events):
No events

Internal exceptions (10 events):
Event: 1.308 Thread 0x0000000002db6000 Exception <a 'java/lang/ClassNotFoundException': java/util/regex/PatternBeanInfo> (0x000000076d11e8e8) thrown at [C:\re\workspace\8-2-build-windows-amd64-cygwin\jdk8u221\13320\hotspot\src\share\vm\classfile\systemDictionary.cpp, line 210]
Event: 1.309 Thread 0x0000000002db6000 Exception <a 'java/lang/ClassNotFoundException': java/util/regex/PatternCustomizer> (0x000000076d12aad0) thrown at [C:\re\workspace\8-2-build-windows-amd64-cygwin\jdk8u221\13320\hotspot\src\share\vm\classfile\systemDictionary.cpp, line 210]
Event: 1.312 Thread 0x0000000002db6000 Exception <a 'java/lang/ClassNotFoundException': java/util/LinkedHashSetBeanInfo> (0x000000076d1f7510) thrown at [C:\re\workspace\8-2-build-windows-amd64-cygwin\jdk8u221\13320\hotspot\src\share\vm\classfile\systemDictionary.cpp, line 210]
Event: 1.312 Thread 0x0000000002db6000 Exception <a 'java/lang/ClassNotFoundException': java/util/HashSetBeanInfo> (0x000000076d202358) thrown at [C:\re\workspace\8-2-build-windows-amd64-cygwin\jdk8u221\13320\hotspot\src\share\vm\classfile\systemDictionary.cpp, line 210]
Event: 1.313 Thread 0x0000000002db6000 Exception <a 'java/lang/ClassNotFoundException': java/util/AbstractSetBeanInfo> (0x000000076d20de88) thrown at [C:\re\workspace\8-2-build-windows-amd64-cygwin\jdk8u221\13320\hotspot\src\share\vm\classfile\systemDictionary.cpp, line 210]
Event: 1.313 Thread 0x0000000002db6000 Exception <a 'java/lang/ClassNotFoundException': java/util/AbstractSetCustomizer> (0x000000076d219cd0) thrown at [C:\re\workspace\8-2-build-windows-amd64-cygwin\jdk8u221\13320\hotspot\src\share\vm\classfile\systemDictionary.cpp, line 210]
Event: 1.313 Thread 0x0000000002db6000 Exception <a 'java/lang/ClassNotFoundException': java/util/HashSetCustomizer> (0x000000076d22a490) thrown at [C:\re\workspace\8-2-build-windows-amd64-cygwin\jdk8u221\13320\hotspot\src\share\vm\classfile\systemDictionary.cpp, line 210]
Event: 1.314 Thread 0x0000000002db6000 Exception <a 'java/lang/ClassNotFoundException': java/util/LinkedHashSetCustomizer> (0x000000076d240850) thrown at [C:\re\workspace\8-2-build-windows-amd64-cygwin\jdk8u221\13320\hotspot\src\share\vm\classfile\systemDictionary.cpp, line 210]
Event: 1.316 Thread 0x0000000002db6000 Exception <a 'java/lang/ClassNotFoundException': java/util/regex/MatcherBeanInfo> (0x000000076d2697e8) thrown at [C:\re\workspace\8-2-build-windows-amd64-cygwin\jdk8u221\13320\hotspot\src\share\vm\classfile\systemDictionary.cpp, line 210]
Event: 1.316 Thread 0x0000000002db6000 Exception <a 'java/lang/ClassNotFoundException': java/util/regex/MatcherCustomizer> (0x000000076d2759d0) thrown at [C:\re\workspace\8-2-build-windows-amd64-cygwin\jdk8u221\13320\hotspot\src\share\vm\classfile\systemDictionary.cpp, line 210]

Events (10 events):
Event: 1.316 loading class java/util/regex/MatcherCustomizer
Event: 1.316 loading class java/util/regex/MatcherCustomizer done
Event: 1.317 loading class groovy/lang/GroovyRuntimeException
Event: 1.317 loading class groovy/lang/GroovyRuntimeException done
Event: 1.317 loading class org/codehaus/groovy/runtime/typehandling/DefaultTypeTransformation
Event: 1.317 loading class org/codehaus/groovy/runtime/typehandling/DefaultTypeTransformation done
Event: 1.317 loading class groovy/runtime/metaclass/java/util/CollectionsMetaClass
Event: 1.317 loading class groovy/runtime/metaclass/java/util/CollectionsMetaClass done
Event: 1.318 loading class java/util/Random
Event: 1.318 loading class java/util/Random done


Dynamic libraries:
0x00007ff68c870000 - 0x00007ff68c8a7000 	C:\Program Files\Java\jre1.8.0_221\bin\javaw.exe
0x0000000000cb0000 - 0x0000000000ea0000 	C:\WINDOWS\SYSTEM32\ntd1l.dll
0x0000000000eb0000 - 0x0000000000f62000 	C:\WINDOWS\System32\kern3l32.dll
0x00007ffcc5260000 - 0x00007ffcc5450000 	C:\WINDOWS\SYSTEM32\ntdll.dll
0x00007ffcc5160000 - 0x00007ffcc5212000 	C:\WINDOWS\System32\KERNEL32.DLL
0x00007ffcc2d70000 - 0x00007ffcc3014000 	C:\WINDOWS\System32\KERNELBASE.dll
0x00007ffcc1e70000 - 0x00007ffcc2006000 	C:\Program Files\SentinelOne\Sentinel Agent 4.0.3.53\InProcessClient64.dll
0x00007ffcc4f00000 - 0x00007ffcc4fa3000 	C:\WINDOWS\System32\ADVAPI32.dll
0x00007ffcc3310000 - 0x00007ffcc33ae000 	C:\WINDOWS\System32\msvcrt.dll
0x00007ffcc3b70000 - 0x00007ffcc3c07000 	C:\WINDOWS\System32\sechost.dll
0x00007ffcc4750000 - 0x00007ffcc4870000 	C:\WINDOWS\System32\RPCRT4.dll
0x00007ffcc48f0000 - 0x00007ffcc4a84000 	C:\WINDOWS\System32\USER32.dll
0x00007ffcc21f0000 - 0x00007ffcc2211000 	C:\WINDOWS\System32\win32u.dll
0x00007ffcc3eb0000 - 0x00007ffcc3ed6000 	C:\WINDOWS\System32\GDI32.dll
0x00007ffcc30c0000 - 0x00007ffcc3255000 	C:\WINDOWS\System32\gdi32full.dll
0x00007ffcc3020000 - 0x00007ffcc30be000 	C:\WINDOWS\System32\msvcp_win.dll
0x00007ffcc2bc0000 - 0x00007ffcc2cba000 	C:\WINDOWS\System32\ucrtbase.dll
0x00007ffca8400000 - 0x00007ffca8684000 	C:\WINDOWS\WinSxS\amd64_microsoft.windows.common-controls_6595b64144ccf1df_6.0.18362.904_none_e6c2bb011310e273\COMCTL32.dll
0x00007ffcc3460000 - 0x00007ffcc3795000 	C:\WINDOWS\System32\combase.dll
0x00007ffcc2cc0000 - 0x00007ffcc2d40000 	C:\WINDOWS\System32\bcryptPrimitives.dll
0x00007ffcc3d00000 - 0x00007ffcc3d2e000 	C:\WINDOWS\System32\IMM32.DLL
0x00007ffcc1d70000 - 0x00007ffcc1d7a000 	C:\WINDOWS\SYSTEM32\VERSION.dll
0x00000000572b0000 - 0x0000000057382000 	C:\Program Files\Java\jre1.8.0_221\bin\msvcr100.dll
0x0000000057830000 - 0x00000000580d5000 	C:\Program Files\Java\jre1.8.0_221\bin\server\jvm.dll
0x00007ffcc38d0000 - 0x00007ffcc38d8000 	C:\WINDOWS\System32\PSAPI.DLL
0x00007ffca9800000 - 0x00007ffca9809000 	C:\WINDOWS\SYSTEM32\WSOCK32.dll
0x00007ffcc3c10000 - 0x00007ffcc3c7f000 	C:\WINDOWS\System32\WS2_32.dll
0x00007ffcbf8e0000 - 0x00007ffcbf904000 	C:\WINDOWS\SYSTEM32\WINMM.dll
0x00007ffcbf8b0000 - 0x00007ffcbf8dd000 	C:\WINDOWS\SYSTEM32\WINMMBASE.dll
0x00007ffcc2b70000 - 0x00007ffcc2bba000 	C:\WINDOWS\System32\cfgmgr32.dll
0x00007ffc8fe70000 - 0x00007ffc8fe7f000 	C:\Program Files\Java\jre1.8.0_221\bin\verify.dll
0x00007ffc8b480000 - 0x00007ffc8b4a9000 	C:\Program Files\Java\jre1.8.0_221\bin\java.dll
0x00007ffc8b460000 - 0x00007ffc8b476000 	C:\Program Files\Java\jre1.8.0_221\bin\zip.dll
0x00007ffcc3f00000 - 0x00007ffcc45e6000 	C:\WINDOWS\System32\SHELL32.dll
0x00007ffcc33b0000 - 0x00007ffcc3459000 	C:\WINDOWS\System32\shcore.dll
0x00007ffcc2280000 - 0x00007ffcc2a00000 	C:\WINDOWS\System32\windows.storage.dll
0x00007ffcc21c0000 - 0x00007ffcc21e3000 	C:\WINDOWS\System32\profapi.dll
0x00007ffcc2150000 - 0x00007ffcc219a000 	C:\WINDOWS\System32\powrprof.dll
0x00007ffcc2120000 - 0x00007ffcc2130000 	C:\WINDOWS\System32\UMPDC.dll
0x00007ffcc38e0000 - 0x00007ffcc3932000 	C:\WINDOWS\System32\shlwapi.dll
0x00007ffcc21a0000 - 0x00007ffcc21b1000 	C:\WINDOWS\System32\kernel.appcore.dll
0x00007ffcc2b50000 - 0x00007ffcc2b67000 	C:\WINDOWS\System32\cryptsp.dll
0x00007ffcbd080000 - 0x00007ffcbd09a000 	C:\Program Files\Java\jre1.8.0_221\bin\net.dll
0x00007ffcb5510000 - 0x00007ffcb56e6000 	C:\WINDOWS\SYSTEM32\urlmon.dll
0x00007ffcb59d0000 - 0x00007ffcb5c76000 	C:\WINDOWS\SYSTEM32\iertutil.dll
0x00007ffcc1950000 - 0x00007ffcc195c000 	C:\WINDOWS\SYSTEM32\CRYPTBASE.DLL
0x00007ffcc1780000 - 0x00007ffcc17e7000 	C:\WINDOWS\system32\mswsock.dll

VM Arguments:
jvm_args: -ea -Dfile.encoding=UTF-8 
java_command: org.eclipse.jdt.internal.junit.runner.RemoteTestRunner -version 3 -port 53442 -testLoaderClass org.eclipse.jdt.internal.junit4.runner.JUnit4TestLoader -loaderpluginname org.eclipse.jdt.junit4.runtime -classNames Runner.TestRunner
java_class_path (initial): C:\Users\1025532\REXEMR\APIAutomation\target\test-classes;C:\Users\1025532\REXEMR\APIAutomation\target\classes;C:\Users\1025532\.m2\repository\io\rest-assured\rest-assured\4.2.0\rest-assured-4.2.0.jar;C:\Users\1025532\.m2\repository\org\codehaus\groovy\groovy\2.5.8\groovy-2.5.8.jar;C:\Users\1025532\.m2\repository\org\codehaus\groovy\groovy-xml\2.5.8\groovy-xml-2.5.8.jar;C:\Users\1025532\.m2\repository\org\apache\httpcomponents\httpclient\4.5.3\httpclient-4.5.3.jar;C:\Users\1025532\.m2\repository\org\apache\httpcomponents\httpcore\4.4.6\httpcore-4.4.6.jar;C:\Users\1025532\.m2\repository\commons-logging\commons-logging\1.2\commons-logging-1.2.jar;C:\Users\1025532\.m2\repository\commons-codec\commons-codec\1.9\commons-codec-1.9.jar;C:\Users\1025532\.m2\repository\org\apache\httpcomponents\httpmime\4.5.3\httpmime-4.5.3.jar;C:\Users\1025532\.m2\repository\org\hamcrest\hamcrest\2.1\hamcrest-2.1.jar;C:\Users\1025532\.m2\repository\org\ccil\cowan\tagsoup\tagsoup\1.2.1\tagsoup-1.2.1.jar;C:\Users\1025532\.m2\repository\io\rest-assured\json-path\4.2.0\json-path-4.2.0.jar;C:\Users\1025532\.m2\repository\org\codehaus\groovy\groovy-json\2.5.8\groovy-json-2.5.8.jar;C:\Users\1025532\.m2\repository\io\rest-assured\rest-assured-common\4.2.0\rest-assured-common-4.2.0.jar;C:\Users\1025532\.m2\repository\io\rest-assured\xml-path\4.2.0\xml-path-4.2.0.jar;C:\Users\1025532\.m2\repository\jakarta\xml\bind\jakarta.xml.bind-api\2.3.2\jakarta.xml.bind-api-2.3.2.jar;C:\Users\1025532\.m2\repository\jakarta\activation\jakarta.activation-api\1.2.1\jakarta.activation-api-1.2.1.jar;C:\Users\1025532\.m2\repository\com\sun\xml\bind\jaxb-osgi\2.3.0.1\jaxb-osgi-2.3.0.1.jar;C:\Users\1025532\.m2\repository\org\apache\sling\org.apache.sling.javax.activation\0.1.0\org.apache.sling.javax.activation-0.1.0.jar;C:\Users\1025532\.m2\repository\javax\activation\activation\1.1.1\activation-1.1.1.jar;C:\Users\1025532\.m2\repository\com\googlecode\json-simple\json-simple\1.1.1\json-simpl
Launcher Type: SUN_STANDARD

Environment Variables:
USERNAME=1025532
OS=Windows_NT
PROCESSOR_IDENTIFIER=Intel64 Family 6 Model 158 Stepping 10, GenuineIntel



---------------  S Y S T E M  ---------------

OS: Windows 10.0 , 64 bit Build 18362 (10.0.18362.900)

CPU:total 12 (initial active 12) (6 cores per cpu, 2 threads per core) family 6 model 158 stepping 10, cmov, cx8, fxsr, mmx, sse, sse2, sse3, ssse3, sse4.1, sse4.2, popcnt, avx, avx2, aes, clmul, erms, rtm, 3dnowpref, lzcnt, ht, tsc, tscinvbit, bmi1, bmi2, adx

Memory: 4k page, physical 16584676k(3678604k free), swap 47740124k(4252k free)

vm_info: Java HotSpot(TM) 64-Bit Server VM (25.221-b11) for windows-amd64 JRE (1.8.0_221-b11), built on Jul  4 2019 04:39:29 by "java_re" with MS VC++ 10.0 (VS2010)

time: Sat Jul 25 17:00:31 2020
timezone: India Standard Time
elapsed time: 1 seconds (0d 0h 0m 1s)

