#
# There is insufficient memory for the Java Runtime Environment to continue.
# Native memory allocation (malloc) failed to allocate 257216 bytes for Chunk::new
# Possible reasons:
#   The system is out of physical RAM or swap space
#   The process is running with CompressedOops enabled, and the Java Heap may be blocking the growth of the native heap
# Possible solutions:
#   Reduce memory load on the system
#   Increase physical memory or swap space
#   Check if swap backing store is full
#   Decrease Java heap size (-Xmx/-Xms)
#   Decrease number of Java threads
#   Decrease Java thread stack sizes (-Xss)
#   Set larger code cache with -XX:ReservedCodeCacheSize=
#   JVM is running with Zero Based Compressed Oops mode in which the Java heap is
#     placed in the first 32GB address space. The Java Heap base address is the
#     maximum limit for the native heap growth. Please use -XX:HeapBaseMinAddress
#     to set the Java Heap base and to place the Java Heap above 32GB virtual address.
# This output file may be truncated or incomplete.
#
#  Out of Memory Error (allocation.cpp:389), pid=13536, tid=0x0000000000003f1c
#
# JRE version: Java(TM) SE Runtime Environment (8.0_221-b11) (build 1.8.0_221-b11)
# Java VM: Java HotSpot(TM) 64-Bit Server VM (25.221-b11 mixed mode windows-amd64 compressed oops)
# Failed to write core dump. Minidumps are not enabled by default on client versions of Windows
#

---------------  T H R E A D  ---------------

Current thread (0x000000001eac8000):  JavaThread "C2 CompilerThread1" daemon [_thread_in_native, id=16156, stack(0x0000000020200000,0x0000000020300000)]

Stack: [0x0000000020200000,0x0000000020300000]
[error occurred during error reporting (printing stack bounds), id 0xc0000005]

Native frames: (J=compiled Java code, j=interpreted, Vv=VM code, C=native code)


Current CompileTask:
C2:    691  691       4       java.io.WinNTFileSystem::normalize (143 bytes)


---------------  P R O C E S S  ---------------

Java Threads: ( => current thread )
  0x00000000209da000 JavaThread "ReaderThread" [_thread_in_native, id=8788, stack(0x0000000020f00000,0x0000000021000000)]
  0x000000001eb53800 JavaThread "Service Thread" daemon [_thread_blocked, id=16560, stack(0x0000000020500000,0x0000000020600000)]
  0x000000001eacd800 JavaThread "C1 CompilerThread3" daemon [_thread_blocked, id=9732, stack(0x0000000020400000,0x0000000020500000)]
  0x000000001eacd000 JavaThread "C2 CompilerThread2" daemon [_thread_blocked, id=4068, stack(0x0000000020300000,0x0000000020400000)]
=>0x000000001eac8000 JavaThread "C2 CompilerThread1" daemon [_thread_in_native, id=16156, stack(0x0000000020200000,0x0000000020300000)]
  0x000000001eac1000 JavaThread "C2 CompilerThread0" daemon [_thread_blocked, id=5052, stack(0x0000000020100000,0x0000000020200000)]
  0x000000001eabc000 JavaThread "Attach Listener" daemon [_thread_blocked, id=28660, stack(0x0000000020000000,0x0000000020100000)]
  0x000000001eabb800 JavaThread "Signal Dispatcher" daemon [_thread_blocked, id=4464, stack(0x000000001ff00000,0x0000000020000000)]
  0x000000001eaa3800 JavaThread "Finalizer" daemon [_thread_blocked, id=1588, stack(0x000000001fd00000,0x000000001fe00000)]
  0x000000001d3ac800 JavaThread "Reference Handler" daemon [_thread_blocked, id=17808, stack(0x000000001fc00000,0x000000001fd00000)]
  0x0000000003746000 JavaThread "main" [_thread_in_vm, id=26248, stack(0x0000000003640000,0x0000000003740000)]

Other Threads:
  0x000000000383c800 VMThread [stack: 0x000000001fb00000,0x000000001fc00000] [id=15808]
  0x000000001eba2800 WatcherThread [stack: 0x0000000020600000,0x0000000020700000] [id=14508]

VM state:not at safepoint (normal execution)

VM Mutex/Monitor currently owned by a thread: None

heap address: 0x00000006c2e00000, size: 4050 MB, Compressed Oops mode: Zero based, Oop shift amount: 3
Narrow klass base: 0x0000000000000000, Narrow klass shift: 3
Compressed class space size: 1073741824 Address: 0x00000007c0000000

Heap:
 PSYoungGen      total 75776K, used 57249K [0x000000076ba00000, 0x0000000770e80000, 0x00000007c0000000)
  eden space 65024K, 88% used [0x000000076ba00000,0x000000076f1e8790,0x000000076f980000)
  from space 10752K, 0% used [0x0000000770400000,0x0000000770400000,0x0000000770e80000)
  to   space 10752K, 0% used [0x000000076f980000,0x000000076f980000,0x0000000770400000)
 ParOldGen       total 173568K, used 0K [0x00000006c2e00000, 0x00000006cd780000, 0x000000076ba00000)
  object space 173568K, 0% used [0x00000006c2e00000,0x00000006c2e00000,0x00000006cd780000)
 Metaspace       used 8750K, capacity 8842K, committed 8960K, reserved 1062912K
  class space    used 1248K, capacity 1265K, committed 1280K, reserved 1048576K

Card table byte_map: [0x0000000012c00000,0x00000000133f0000] byte_map_base: 0x000000000f5e9000

Marking Bits: (ParMarkBitMap*) 0x0000000058055ce0
 Begin Bits: [0x0000000014340000, 0x0000000018288000)
 End Bits:   [0x0000000018288000, 0x000000001c1d0000)

Polling page: 0x0000000000de0000

CodeCache: size=245760Kb used=3064Kb max_used=3074Kb free=242695Kb
 bounds [0x0000000003840000, 0x0000000003b50000, 0x0000000012840000]
 total_blobs=1002 nmethods=694 adapters=221
 compilation: enabled

Compilation events (10 events):
Event: 0.678 Thread 0x000000001eacd800 nmethod 687 0x0000000003b3cf10 code [0x0000000003b3d0a0, 0x0000000003b3d508]
Event: 0.678 Thread 0x000000001eacd800  688       3       sun.util.resources.TimeZoneNamesBundle::handleGetObject (48 bytes)
Event: 0.678 Thread 0x000000001eacd800 nmethod 688 0x0000000003b3d690 code [0x0000000003b3d880, 0x0000000003b3e1b8]
Event: 0.678 Thread 0x000000001eacd800  689       3       java.util.Objects::isNull (10 bytes)
Event: 0.678 Thread 0x000000001eacd800 nmethod 689 0x0000000003b3e510 code [0x0000000003b3e660, 0x0000000003b3e7f0]
Event: 0.678 Thread 0x000000001eacd800  690       3       java.util.ResourceBundle::getStringArray (12 bytes)
Event: 0.678 Thread 0x000000001eacd800 nmethod 690 0x0000000003b3e850 code [0x0000000003b3e9c0, 0x0000000003b3eca8]
Event: 0.682 Thread 0x000000001eac8000  691       4       java.io.WinNTFileSystem::normalize (143 bytes)
Event: 0.682 Thread 0x000000001eac1000  692       4       java.lang.String::equalsIgnoreCase (48 bytes)
Event: 0.687 Thread 0x000000001eac1000 nmethod 692 0x0000000003b423d0 code [0x0000000003b42540, 0x0000000003b42c18]

GC Heap History (0 events):
No events

Deoptimization events (10 events):
Event: 0.409 Thread 0x0000000003746000 Uncommon trap: reason=unstable_if action=reinterpret pc=0x0000000003999918 method=sun.nio.cs.UTF_8$Encoder.encode([CII[B)I @ 33
Event: 0.422 Thread 0x0000000003746000 Uncommon trap: reason=unstable_if action=reinterpret pc=0x0000000003a85f18 method=sun.nio.cs.UTF_8$Encoder.encode([CII[B)I @ 95
Event: 0.509 Thread 0x0000000003746000 Uncommon trap: reason=unstable_if action=reinterpret pc=0x0000000003a7f890 method=java.io.WinNTFileSystem.normalize(Ljava/lang/String;)Ljava/lang/String; @ 128
Event: 0.528 Thread 0x0000000003746000 Uncommon trap: reason=unstable_if action=reinterpret pc=0x00000000039b912c method=java.lang.String.indexOf([CII[CIII)I @ 3
Event: 0.574 Thread 0x0000000003746000 Uncommon trap: reason=range_check action=make_not_entrant pc=0x0000000003af17e8 method=sun.reflect.generics.parser.SignatureParser.current()C @ 34
Event: 0.635 Thread 0x0000000003746000 Uncommon trap: reason=class_check action=maybe_recompile pc=0x0000000003964780 method=java.lang.String.equals(Ljava/lang/Object;)Z @ 8
Event: 0.635 Thread 0x0000000003746000 Uncommon trap: reason=class_check action=maybe_recompile pc=0x0000000003964780 method=java.lang.String.equals(Ljava/lang/Object;)Z @ 8
Event: 0.635 Thread 0x0000000003746000 Uncommon trap: reason=class_check action=maybe_recompile pc=0x0000000003964780 method=java.lang.String.equals(Ljava/lang/Object;)Z @ 8
Event: 0.635 Thread 0x0000000003746000 Uncommon trap: reason=class_check action=maybe_recompile pc=0x0000000003964780 method=java.lang.String.equals(Ljava/lang/Object;)Z @ 8
Event: 0.685 Thread 0x0000000003746000 Uncommon trap: reason=unstable_if action=reinterpret pc=0x0000000003b2cf5c method=java.util.HashMap.hash(Ljava/lang/Object;)I @ 1

Classes redefined (0 events):
No events

Internal exceptions (10 events):
Event: 0.167 Thread 0x0000000003746000 Exception <a 'java/security/PrivilegedActionException'> (0x000000076bee57a8) thrown at [C:\re\workspace\8-2-build-windows-amd64-cygwin\jdk8u221\13320\hotspot\src\share\vm\prims\jvm.cpp, line 1502]
Event: 0.279 Thread 0x0000000003746000 Exception <a 'java/security/PrivilegedActionException'> (0x000000076c505c58) thrown at [C:\re\workspace\8-2-build-windows-amd64-cygwin\jdk8u221\13320\hotspot\src\share\vm\prims\jvm.cpp, line 1502]
Event: 0.279 Thread 0x0000000003746000 Exception <a 'java/security/PrivilegedActionException'> (0x000000076c506050) thrown at [C:\re\workspace\8-2-build-windows-amd64-cygwin\jdk8u221\13320\hotspot\src\share\vm\prims\jvm.cpp, line 1502]
Event: 0.279 Thread 0x0000000003746000 Exception <a 'java/security/PrivilegedActionException'> (0x000000076c50a090) thrown at [C:\re\workspace\8-2-build-windows-amd64-cygwin\jdk8u221\13320\hotspot\src\share\vm\prims\jvm.cpp, line 1502]
Event: 0.279 Thread 0x0000000003746000 Exception <a 'java/security/PrivilegedActionException'> (0x000000076c50a488) thrown at [C:\re\workspace\8-2-build-windows-amd64-cygwin\jdk8u221\13320\hotspot\src\share\vm\prims\jvm.cpp, line 1502]
Event: 0.573 Thread 0x0000000003746000 Exception <a 'java/lang/ArrayIndexOutOfBoundsException'> (0x000000076e3fce00) thrown at [C:\re\workspace\8-2-build-windows-amd64-cygwin\jdk8u221\13320\hotspot\src\share\vm\runtime\sharedRuntime.cpp, line 605]
Event: 0.574 Thread 0x0000000003746000 Exception <a 'java/lang/ArrayIndexOutOfBoundsException'> (0x000000076e3ff138) thrown at [C:\re\workspace\8-2-build-windows-amd64-cygwin\jdk8u221\13320\hotspot\src\share\vm\runtime\sharedRuntime.cpp, line 605]
Event: 0.574 Thread 0x0000000003746000 Exception <a 'java/lang/ArrayIndexOutOfBoundsException'> (0x000000076e4007d0) thrown at [C:\re\workspace\8-2-build-windows-amd64-cygwin\jdk8u221\13320\hotspot\src\share\vm\runtime\sharedRuntime.cpp, line 605]
Event: 0.574 Thread 0x0000000003746000 Exception <a 'java/lang/ArrayIndexOutOfBoundsException': 40> (0x000000076e4016d8) thrown at [C:\re\workspace\8-2-build-windows-amd64-cygwin\jdk8u221\13320\hotspot\src\share\vm\interpreter\interpreterRuntime.cpp, line 368]
Event: 0.685 Thread 0x0000000003746000 Implicit null exception at 0x0000000003b2c8fb to 0x0000000003b2cf41

Events (10 events):
Event: 0.688 loading class cucumber/deps/com/thoughtworks/xstream/core/util/TypedNull done
Event: 0.688 loading class cucumber/deps/com/thoughtworks/xstream/mapper/CachingMapper
Event: 0.688 loading class cucumber/deps/com/thoughtworks/xstream/mapper/CachingMapper done
Event: 0.688 loading class cucumber/deps/com/thoughtworks/xstream/security/AnyTypePermission
Event: 0.688 loading class cucumber/deps/com/thoughtworks/xstream/security/AnyTypePermission done
Event: 0.689 loading class cucumber/deps/com/thoughtworks/xstream/security/NoTypePermission
Event: 0.689 loading class cucumber/deps/com/thoughtworks/xstream/security/NoTypePermission done
Event: 0.690 loading class java/util/Collections$SingletonMap
Event: 0.690 loading class java/util/Collections$SingletonMap done
Event: 0.690 loading class java/util/Collections$SingletonSet


Dynamic libraries:
0x00007ff68c870000 - 0x00007ff68c8a7000 	C:\Program Files\Java\jre1.8.0_221\bin\javaw.exe
0x0000000001690000 - 0x0000000001880000 	C:\WINDOWS\SYSTEM32\ntd1l.dll
0x00000000015b0000 - 0x0000000001662000 	C:\WINDOWS\System32\kern3l32.dll
0x00007ffcc5260000 - 0x00007ffcc5450000 	C:\WINDOWS\SYSTEM32\ntdll.dll
0x00007ffcc5160000 - 0x00007ffcc5212000 	C:\WINDOWS\System32\KERNEL32.DLL
0x00007ffcc2d70000 - 0x00007ffcc3014000 	C:\WINDOWS\System32\KERNELBASE.dll
0x00007ffcbdf20000 - 0x00007ffcbdfaf000 	C:\WINDOWS\SYSTEM32\apphelp.dll
0x00007ffcc1e70000 - 0x00007ffcc2006000 	C:\Program Files\SentinelOne\Sentinel Agent 4.0.3.53\InProcessClient64.dll
0x00007ffcc4f00000 - 0x00007ffcc4fa3000 	C:\WINDOWS\System32\ADVAPI32.dll
0x00007ffcc3310000 - 0x00007ffcc33ae000 	C:\WINDOWS\System32\msvcrt.dll
0x00007ffcc3b70000 - 0x00007ffcc3c07000 	C:\WINDOWS\System32\sechost.dll
0x00007ffcc4750000 - 0x00007ffcc4870000 	C:\WINDOWS\System32\RPCRT4.dll
0x00007ffcc48f0000 - 0x00007ffcc4a84000 	C:\WINDOWS\System32\USER32.dll
0x00007ffcc21f0000 - 0x00007ffcc2211000 	C:\WINDOWS\System32\win32u.dll
0x00007ffcc3eb0000 - 0x00007ffcc3ed6000 	C:\WINDOWS\System32\GDI32.dll
0x00007ffcc30c0000 - 0x00007ffcc3255000 	C:\WINDOWS\System32\gdi32full.dll
0x00007ffcc3020000 - 0x00007ffcc30be000 	C:\WINDOWS\System32\msvcp_win.dll
0x00007ffcc2bc0000 - 0x00007ffcc2cba000 	C:\WINDOWS\System32\ucrtbase.dll
0x00007ffca8400000 - 0x00007ffca8684000 	C:\WINDOWS\WinSxS\amd64_microsoft.windows.common-controls_6595b64144ccf1df_6.0.18362.904_none_e6c2bb011310e273\COMCTL32.dll
0x00007ffcc3460000 - 0x00007ffcc3795000 	C:\WINDOWS\System32\combase.dll
0x00007ffcc2cc0000 - 0x00007ffcc2d40000 	C:\WINDOWS\System32\bcryptPrimitives.dll
0x00007ffcc3d00000 - 0x00007ffcc3d2e000 	C:\WINDOWS\System32\IMM32.DLL
0x00007ffcc1d70000 - 0x00007ffcc1d7a000 	C:\WINDOWS\SYSTEM32\VERSION.dll
0x00000000572b0000 - 0x0000000057382000 	C:\Program Files\Java\jre1.8.0_221\bin\msvcr100.dll
0x0000000057830000 - 0x00000000580d5000 	C:\Program Files\Java\jre1.8.0_221\bin\server\jvm.dll
0x00007ffcc38d0000 - 0x00007ffcc38d8000 	C:\WINDOWS\System32\PSAPI.DLL
0x00007ffca9800000 - 0x00007ffca9809000 	C:\WINDOWS\SYSTEM32\WSOCK32.dll
0x00007ffcc3c10000 - 0x00007ffcc3c7f000 	C:\WINDOWS\System32\WS2_32.dll
0x00007ffcbf8e0000 - 0x00007ffcbf904000 	C:\WINDOWS\SYSTEM32\WINMM.dll
0x00007ffcbf8b0000 - 0x00007ffcbf8dd000 	C:\WINDOWS\SYSTEM32\WINMMBASE.dll
0x00007ffcc2b70000 - 0x00007ffcc2bba000 	C:\WINDOWS\System32\cfgmgr32.dll
0x00007ffc8fe70000 - 0x00007ffc8fe7f000 	C:\Program Files\Java\jre1.8.0_221\bin\verify.dll
0x00007ffc8b480000 - 0x00007ffc8b4a9000 	C:\Program Files\Java\jre1.8.0_221\bin\java.dll
0x00007ffc8b460000 - 0x00007ffc8b476000 	C:\Program Files\Java\jre1.8.0_221\bin\zip.dll
0x00007ffcc3f00000 - 0x00007ffcc45e6000 	C:\WINDOWS\System32\SHELL32.dll
0x00007ffcc33b0000 - 0x00007ffcc3459000 	C:\WINDOWS\System32\shcore.dll
0x00007ffcc2280000 - 0x00007ffcc2a00000 	C:\WINDOWS\System32\windows.storage.dll
0x00007ffcc21c0000 - 0x00007ffcc21e3000 	C:\WINDOWS\System32\profapi.dll
0x00007ffcc2150000 - 0x00007ffcc219a000 	C:\WINDOWS\System32\powrprof.dll
0x00007ffcc2120000 - 0x00007ffcc2130000 	C:\WINDOWS\System32\UMPDC.dll
0x00007ffcc38e0000 - 0x00007ffcc3932000 	C:\WINDOWS\System32\shlwapi.dll
0x00007ffcc21a0000 - 0x00007ffcc21b1000 	C:\WINDOWS\System32\kernel.appcore.dll
0x00007ffcc2b50000 - 0x00007ffcc2b67000 	C:\WINDOWS\System32\cryptsp.dll
0x00007ffcbe830000 - 0x00007ffcbe84a000 	C:\Program Files\Java\jre1.8.0_221\bin\net.dll
0x00007ffcb5510000 - 0x00007ffcb56e6000 	C:\WINDOWS\SYSTEM32\urlmon.dll
0x00007ffcb59d0000 - 0x00007ffcb5c76000 	C:\WINDOWS\SYSTEM32\iertutil.dll
0x00007ffcc1950000 - 0x00007ffcc195c000 	C:\WINDOWS\SYSTEM32\CRYPTBASE.DLL
0x00007ffcc1780000 - 0x00007ffcc17e7000 	C:\WINDOWS\system32\mswsock.dll

VM Arguments:
jvm_args: -ea -Dfile.encoding=UTF-8 
java_command: org.eclipse.jdt.internal.junit.runner.RemoteTestRunner -version 3 -port 58613 -testLoaderClass org.eclipse.jdt.internal.junit4.runner.JUnit4TestLoader -loaderpluginname org.eclipse.jdt.junit4.runtime -classNames Runner.TestRunner
java_class_path (initial): C:\Users\1025532\REXEMR\APIAutomation\target\test-classes;C:\Users\1025532\REXEMR\APIAutomation\target\classes;C:\Users\1025532\.m2\repository\io\rest-assured\rest-assured\4.2.0\rest-assured-4.2.0.jar;C:\Users\1025532\.m2\repository\org\codehaus\groovy\groovy\2.5.8\groovy-2.5.8.jar;C:\Users\1025532\.m2\repository\org\codehaus\groovy\groovy-xml\2.5.8\groovy-xml-2.5.8.jar;C:\Users\1025532\.m2\repository\org\apache\httpcomponents\httpclient\4.5.3\httpclient-4.5.3.jar;C:\Users\1025532\.m2\repository\org\apache\httpcomponents\httpcore\4.4.6\httpcore-4.4.6.jar;C:\Users\1025532\.m2\repository\commons-logging\commons-logging\1.2\commons-logging-1.2.jar;C:\Users\1025532\.m2\repository\commons-codec\commons-codec\1.9\commons-codec-1.9.jar;C:\Users\1025532\.m2\repository\org\apache\httpcomponents\httpmime\4.5.3\httpmime-4.5.3.jar;C:\Users\1025532\.m2\repository\org\hamcrest\hamcrest\2.1\hamcrest-2.1.jar;C:\Users\1025532\.m2\repository\org\ccil\cowan\tagsoup\tagsoup\1.2.1\tagsoup-1.2.1.jar;C:\Users\1025532\.m2\repository\io\rest-assured\json-path\4.2.0\json-path-4.2.0.jar;C:\Users\1025532\.m2\repository\org\codehaus\groovy\groovy-json\2.5.8\groovy-json-2.5.8.jar;C:\Users\1025532\.m2\repository\io\rest-assured\rest-assured-common\4.2.0\rest-assured-common-4.2.0.jar;C:\Users\1025532\.m2\repository\io\rest-assured\xml-path\4.2.0\xml-path-4.2.0.jar;C:\Users\1025532\.m2\repository\jakarta\xml\bind\jakarta.xml.bind-api\2.3.2\jakarta.xml.bind-api-2.3.2.jar;C:\Users\1025532\.m2\repository\jakarta\activation\jakarta.activation-api\1.2.1\jakarta.activation-api-1.2.1.jar;C:\Users\1025532\.m2\repository\com\sun\xml\bind\jaxb-osgi\2.3.0.1\jaxb-osgi-2.3.0.1.jar;C:\Users\1025532\.m2\repository\org\apache\sling\org.apache.sling.javax.activation\0.1.0\org.apache.sling.javax.activation-0.1.0.jar;C:\Users\1025532\.m2\repository\javax\activation\activation\1.1.1\activation-1.1.1.jar;C:\Users\1025532\.m2\repository\com\googlecode\json-simple\json-simple\1.1.1\json-simpl
Launcher Type: SUN_STANDARD

Environment Variables:
USERNAME=1025532
OS=Windows_NT
PROCESSOR_IDENTIFIER=Intel64 Family 6 Model 158 Stepping 10, GenuineIntel



---------------  S Y S T E M  ---------------

OS: Windows 10.0 , 64 bit Build 18362 (10.0.18362.900)

CPU:total 12 (initial active 12) (6 cores per cpu, 2 threads per core) family 6 model 158 stepping 10, cmov, cx8, fxsr, mmx, sse, sse2, sse3, ssse3, sse4.1, sse4.2, popcnt, avx, avx2, aes, clmul, erms, rtm, 3dnowpref, lzcnt, ht, tsc, tscinvbit, bmi1, bmi2, adx

Memory: 4k page, physical 16584676k(4063576k free), swap 47740124k(392k free)

vm_info: Java HotSpot(TM) 64-Bit Server VM (25.221-b11) for windows-amd64 JRE (1.8.0_221-b11), built on Jul  4 2019 04:39:29 by "java_re" with MS VC++ 10.0 (VS2010)

time: Sat Jul 25 17:25:35 2020
timezone: India Standard Time
elapsed time: 0 seconds (0d 0h 0m 0s)

